<?xml version="1.0" encoding="UTF-8" ?>
<testsuite errors="1" failures="0" hostname="Ashutosh-PC" name="LmsJUnitTest" tests="1" time="0.0" timestamp="2017-03-26T20:37:50">
  <properties>
    <property name="libs.jsp-compiler.javadoc" value="" />
    <property name="netbeans.autoupdate.country" value="US" />
    <property name="file.reference.jasper-compiler-jdt.jar" value="lib/jasper-compiler-jdt.jar" />
    <property name="file.reference.spring-orm-3.2.0.RELEASE.jar" value="lib/spring-orm-3.2.0.RELEASE.jar" />
    <property name="javac.test.classpath" value="lib\hibernate-validator-4.1.0.Final.jar:lib\validation-api-1.1.0.Final.jar:lib/antlr-2.7.7.jar:lib\antlr-runtime-3.0.1.jar:lib/itext-2.1.7.jar:lib/commons-dbcp-1.2.2.jar:lib/jackson-dataformat-xml-2.1.0.jar:lib\commons-fileupload-1.2.2.jar:lib\commons-io-2.3.jar:lib\commons-logging-1.1.1.jar:lib\commons-pool-1.6.jar:lib\hibernate-commons-annotations-4.0.1.Final.jar:lib/dom4j-1.6.jar:lib\hibernate-entitymanager-4.1.4.Final.jar:lib\hibernate-jpa-2.0-api-1.0.1.Final.jar:lib\javassist-3.15.0-GA.jar:lib\jboss-logging-3.1.0.GA.jar:lib\jboss-transaction-api_1.1_spec-1.0.0.Final.jar:lib\mail.jar:lib\slf4j-api-1.6.4.jar:lib\slf4j-simple-1.6.4.jar:lib/aopalliance-1.0.jar:lib/cglib-nodep-2.1.3.jar:lib/aspectjrt-1.6.8.jar:lib/aspectjweaver-1.6.8.jar:lib/spring-security-config-3.1.0.RELEASE.jar:lib/spring-security-core-3.1.0.RELEASE.jar:lib/spring-security-taglibs-3.1.0.RELEASE.jar:lib/spring-security-web-3.1.0.RELEASE.jar:lib\hibernate-core-4.1.4.Final.jar:lib\jstl-1.2.jar:lib/jasperreports-5.1.0.jar.zip:lib/javax.annotation.jar.zip:lib/mysql-connector-java-5.1.13-bin.jar:lib/commons-javaflow-20060411.jar:lib/jdt-compiler-3.1.1.jar:lib/xmlbeans-2.3.0.jar:lib/org-netbeans-core_ireport.jar:lib/antlr-2.7.7.jar:lib/asm-attrs.jar:lib/asm.jar:lib/barbecue-1.5-beta1.jar:lib/barcode4j-2.0.jar:lib/batik-anim.jar:lib/cglib-2.1.jar:lib/cincom-jr-xmla.jar:lib/commons-beanutils-1.8.2.jar:lib/commons-collections-3.2.1.jar:lib/commons-logging-api-1.1.1.jar:lib/jasper-compiler-jdt.jar:lib/commons-lang3-3.1.jar:lib/commons-digester-2.1.jar:lib/jasperreports-fonts-5.1.0.jar:lib/jasperreports-javaflow-5.1.0.jar:lib/jackson-annotations-2.1.4.jar:lib/jackson-core-2.1.4.jar:lib/jackson-databind-2.1.4.jar:lib/jackson-annotations-2.0.0.jar:lib/ehcache-spring-annotations-1.2.0.jar:lib/tiles-api-3.0.5.jar:lib/tiles-autotag-core-runtime-1.1.0.jar:lib/tiles-compat-3.0.5.jar:lib/tiles-core-3.0.5.jar:lib/tiles-el-3.0.5.jar:lib/tiles-extras-3.0.5.jar:lib/tiles-freemarker-3.0.5.jar:lib/tiles-jsp-3.0.5.jar:lib/tiles-mvel-3.0.5.jar:lib/tiles-ognl-3.0.5.jar:lib/tiles-request-api-1.0.6.jar:lib/tiles-request-freemarker-1.0.6.jar:lib/tiles-request-jsp-1.0.6.jar:lib/tiles-request-mustache-1.0.6.jar:lib/tiles-request-servlet-1.0.6.jar:lib/tiles-request-servlet-wildcard-1.0.6.jar:lib/tiles-servlet-3.0.5.jar:lib/tiles-template-3.0.5.jar:lib/spring-aop-3.2.0.RELEASE.jar:lib/spring-aspects-3.2.0.RELEASE.jar:lib/spring-beans-3.2.0.RELEASE.jar:lib/spring-context-3.2.0.RELEASE.jar:lib/spring-context-support-3.2.0.RELEASE.jar:lib/spring-core-3.2.0.RELEASE.jar:lib/spring-expression-3.2.0.RELEASE.jar:lib/spring-jdbc-3.2.0.RELEASE.jar:lib/spring-orm-3.2.0.RELEASE.jar:lib/spring-security-config-3.1.0.RELEASE.jar:lib/spring-security-core-3.1.0.RELEASE.jar:lib/spring-security-taglibs-3.1.0.RELEASE.jar:lib/spring-security-web-3.1.0.RELEASE.jar:lib/spring-test-3.2.0.RELEASE.jar:lib/spring-tx-3.2.0.RELEASE.jar:lib/spring-web-3.2.0.RELEASE.jar:lib/spring-webmvc-3.2.0.RELEASE.jar:lib/ehcache-core-2.6.0.jar:lib/hibernate-ehcache-4.1.4.final.jar:lib/servlet-api.jar:lib/commons-dbcp-1.4.jar:lib/jaxb-api-2.2.jar:build/web/WEB-INF/classes:D:/Running Project/lms/lib/junit_4/junit-4.10.jar" />
    <property name="file.reference.jasperreports-5.1.0.jar.zip" value="lib/jasperreports-5.1.0.jar.zip" />
    <property name="libs.jsf20.maven-pom" value="" />
    <property name="source.root" value="src" />
    <property name="do.display.browser" value="true" />
    <property name="libs.junit.javadoc" value="D:/Running Project/lms/lib/junit/junit-3.8.2-api.zip" />
    <property name="javac.includes" value="LmsJUnitTest.java" />
    <property name="ant.core.lib" value="C:\Program Files\NetBeans 7.1.2\java\ant\lib\ant.jar" />
    <property name="file.reference.aspectjrt-1.6.8.jar" value="lib/aspectjrt-1.6.8.jar" />
    <property name="file.reference.commons-fileupload-1.2.2.jar" value="lib\commons-fileupload-1.2.2.jar" />
    <property name="javadoc.windowtitle" value="" />
    <property name="libs.toplink.classpath" value="C:\Program Files\NetBeans 7.1.2\java\modules\ext\toplink\toplink-essentials.jar;C:\Program Files\NetBeans 7.1.2\java\modules\ext\toplink\toplink-essentials-agent.jar" />
    <property name="libs.jsp-compilation.javadoc" value="" />
    <property name="user.dir" value="C:\Program Files\NetBeans 7.1.2" />
    <property name="libs.hibernate-persistence.javadoc" value="" />
    <property name="java.vm.version" value="10.0-b23" />
    <property name="libs.jstl11.maven-pom" value="" />
    <property name="file.reference.barbecue-1.5-beta1.jar" value="lib/barbecue-1.5-beta1.jar" />
    <property name="file.reference.asm.jar" value="lib/asm.jar" />
    <property name="libs.MySQLDriver.classpath" value="C:\Program Files\NetBeans 7.1.2\ide\modules\ext\mysql-connector-java-5.1.13-bin.jar" />
    <property name="libs.eclipselinkmodelgen.src" value="" />
    <property name="libs.jstl11.src" value="" />
    <property name="javadoc.notree" value="false" />
    <property name="lib.dir" value="web/WEB-INF/lib" />
    <property name="netbeans.autoupdate.version" value="1.23" />
    <property name="libs.javaee-web-api-6.0.classpath" value="C:\Program Files\NetBeans 7.1.2\enterprise\modules\ext\javaee-web-api-6.0.jar" />
    <property name="libs.hibernate-support.maven-pom" value="" />
    <property name="libs.hibernate-support.javadoc" value="" />
    <property name="jdk.home" value="C:\Program Files\Java\jdk1.6.0_07" />
    <property name="directory.deployment.supported" value="true" />
    <property name="file.reference.commons-logging-api-1.1.1.jar" value="lib/commons-logging-api-1.1.1.jar" />
    <property name="libs.javac-api.src" value="" />
    <property name="file.reference.barcode4j-2.0.jar" value="lib/barcode4j-2.0.jar" />
    <property name="file.reference.jstl-1.2.jar" value="lib\jstl-1.2.jar" />
    <property name="javadoc.noindex" value="false" />
    <property name="sun.os.patch.level" value="" />
    <property name="file.reference.cincom-jr-xmla.jar" value="lib/cincom-jr-xmla.jar" />
    <property name="java.vm.specification.name" value="Java Virtual Machine Specification" />
    <property name="file.reference.javax.annotation.jar.zip" value="lib/javax.annotation.jar.zip" />
    <property name="nb.show.statistics.ui" value="usageStatisticsEnabled" />
    <property name="file.reference.spring-aspects-3.2.0.RELEASE.jar" value="lib/spring-aspects-3.2.0.RELEASE.jar" />
    <property name="netbeans.autoupdate.variant" value="" />
    <property name="have.tests" value="true" />
    <property name="org.xml.sax.driver" value="com.sun.org.apache.xerces.internal.jaxp.SAXParserImpl$JAXPSAXParser" />
    <property name="j2ee.server.instance" value="tomcat70:home=C:\Program Files\Apache Software Foundation\Apache Tomcat 7.0.22:base=apache-tomcat-7.0.22.0_base" />
    <property name="libs.javac-api.javadoc" value="" />
    <property name="os.name" value="Windows Vista" />
    <property name="libs.beans-binding.classpath" value="C:\Program Files\NetBeans 7.1.2\java\modules\ext\beansbinding-1.2.1.jar" />
    <property name="ap.proc.none.internal" value="" />
    <property name="libs.restapi.javadoc" value="C:\Program Files\NetBeans 7.1.2\enterprise\docs\jsr311-api-1.1.1-javadoc.zip" />
    <property name="libs.JWSAntTasks.maven-pom" value="" />
    <property name="file.reference.commons-beanutils-1.8.2.jar" value="lib/commons-beanutils-1.8.2.jar" />
    <property name="libs.spring-webmvc3.0.src" value="" />
    <property name="libs.restapi.classpath" value="C:\Program Files\NetBeans 7.1.2\enterprise\modules\ext\rest\jsr311-api-1.1.1.jar" />
    <property name="runmain.jvmargs" value="Xmx1024m -Xms512" />
    <property name="java.vendor.url.bug" value="http://java.sun.com/cgi-bin/bugreport.cgi" />
    <property name="libs.jaxb.maven-pom" value="" />
    <property name="os.arch" value="x86" />
    <property name="file.reference.tiles-request-mustache-1.0.6.jar" value="lib/tiles-request-mustache-1.0.6.jar" />
    <property name="libs.eclipselink.src" value="" />
    <property name="user.name" value="Ashutosh" />
    <property name="j2ee.compile.on.save" value="false" />
    <property name="libs.jsf12.javadoc" value="C:\Program Files\NetBeans 7.1.2\enterprise\docs\javaee6-doc-api.zip" />
    <property name="file.reference.aspectjweaver-1.6.8.jar" value="lib/aspectjweaver-1.6.8.jar" />
    <property name="libs.spring-webmvc3.0.maven-pom" value="" />
    <property name="libs.swing-layout.maven-pom" value="" />
    <property name="build.classes.dir" value="build/web/WEB-INF/classes" />
    <property name="netbeans.accept_license_class" value="org.netbeans.license.AcceptLicense" />
    <property name="file.reference.commons-collections-3.2.1.jar" value="lib/commons-collections-3.2.1.jar" />
    <property name="file.reference.jackson-databind-2.1.4.jar" value="lib/jackson-databind-2.1.4.jar" />
    <property name="ap.supported.internal" value="true" />
    <property name="file.reference.cglib-nodep-2.1.3.jar" value="lib/cglib-nodep-2.1.3.jar" />
    <property name="file.reference.cglib-2.1.jar" value="lib/cglib-2.1.jar" />
    <property name="libs.jaxws21.javadoc" value="C:\Program Files\NetBeans 7.1.2\java\docs\jaxws-api-doc.zip" />
    <property name="file.reference.spring-security-taglibs-3.1.0.RELEASE.jar" value="lib/spring-security-taglibs-3.1.0.RELEASE.jar" />
    <property name="libs.ExcelReadWrite.displayName" value="ExcelReadWrite" />
    <property name="build.web.excludes" value="**/*.java,**/*.form" />
    <property name="includes" value="**" />
    <property name="libs.ExcelReadWrite.classpath" value="D:/Running Project/lms/lib/ExcelReaderWriter/Poi-3.11-used/commons-codec-1.9.jar;D:/Running Project/lms/lib/ExcelReaderWriter/Poi-3.11-used/commons-logging-1.1.3.jar;D:/Running Project/lms/lib/ExcelReaderWriter/Poi-3.11-used/junit-4.11.jar;D:/Running Project/lms/lib/ExcelReaderWriter/Poi-3.11-used/log4j-1.2.17.jar;D:/Running Project/lms/lib/ExcelReaderWriter/Poi-3.11-used/poi-3.11-20141221.jar;D:/Running Project/lms/lib/ExcelReaderWriter/Poi-3.11-used/poi-examples-3.11-20141221.jar;D:/Running Project/lms/lib/ExcelReaderWriter/Poi-3.11-used/poi-excelant-3.11-20141221.jar;D:/Running Project/lms/lib/ExcelReaderWriter/Poi-3.11-used/poi-ooxml-3.11-20141221.jar;D:/Running Project/lms/lib/ExcelReaderWriter/Poi-3.11-used/poi-ooxml-schemas-3.11-20141221.jar;D:/Running Project/lms/lib/ExcelReaderWriter/Poi-3.11-used/poi-scratchpad-3.11-20141221.jar;D:/Running Project/lms/lib/ExcelReaderWriter/Poi-3.11-used/xmlbeans-2.6.0.jar" />
    <property name="user.country" value="US" />
    <property name="file.reference.tiles-request-jsp-1.0.6.jar" value="lib/tiles-request-jsp-1.0.6.jar" />
    <property name="libs.jstl11.javadoc" value="C:\Program Files\NetBeans 7.1.2\enterprise\docs\javaee6-doc-api.zip" />
    <property name="javadoc.encoding" value="UTF-8" />
    <property name="javac.classpath" value="lib\hibernate-validator-4.1.0.Final.jar:lib\validation-api-1.1.0.Final.jar:lib/antlr-2.7.7.jar:lib\antlr-runtime-3.0.1.jar:lib/itext-2.1.7.jar:lib/commons-dbcp-1.2.2.jar:lib/jackson-dataformat-xml-2.1.0.jar:lib\commons-fileupload-1.2.2.jar:lib\commons-io-2.3.jar:lib\commons-logging-1.1.1.jar:lib\commons-pool-1.6.jar:lib\hibernate-commons-annotations-4.0.1.Final.jar:lib/dom4j-1.6.jar:lib\hibernate-entitymanager-4.1.4.Final.jar:lib\hibernate-jpa-2.0-api-1.0.1.Final.jar:lib\javassist-3.15.0-GA.jar:lib\jboss-logging-3.1.0.GA.jar:lib\jboss-transaction-api_1.1_spec-1.0.0.Final.jar:lib\mail.jar:lib\slf4j-api-1.6.4.jar:lib\slf4j-simple-1.6.4.jar:lib/aopalliance-1.0.jar:lib/cglib-nodep-2.1.3.jar:lib/aspectjrt-1.6.8.jar:lib/aspectjweaver-1.6.8.jar:lib/spring-security-config-3.1.0.RELEASE.jar:lib/spring-security-core-3.1.0.RELEASE.jar:lib/spring-security-taglibs-3.1.0.RELEASE.jar:lib/spring-security-web-3.1.0.RELEASE.jar:lib\hibernate-core-4.1.4.Final.jar:lib\jstl-1.2.jar:lib/jasperreports-5.1.0.jar.zip:lib/javax.annotation.jar.zip:lib/mysql-connector-java-5.1.13-bin.jar:lib/commons-javaflow-20060411.jar:lib/jdt-compiler-3.1.1.jar:lib/xmlbeans-2.3.0.jar:lib/org-netbeans-core_ireport.jar:lib/antlr-2.7.7.jar:lib/asm-attrs.jar:lib/asm.jar:lib/barbecue-1.5-beta1.jar:lib/barcode4j-2.0.jar:lib/batik-anim.jar:lib/cglib-2.1.jar:lib/cincom-jr-xmla.jar:lib/commons-beanutils-1.8.2.jar:lib/commons-collections-3.2.1.jar:lib/commons-logging-api-1.1.1.jar:lib/jasper-compiler-jdt.jar:lib/commons-lang3-3.1.jar:lib/commons-digester-2.1.jar:lib/jasperreports-fonts-5.1.0.jar:lib/jasperreports-javaflow-5.1.0.jar:lib/jackson-annotations-2.1.4.jar:lib/jackson-core-2.1.4.jar:lib/jackson-databind-2.1.4.jar:lib/jackson-annotations-2.0.0.jar:lib/ehcache-spring-annotations-1.2.0.jar:lib/tiles-api-3.0.5.jar:lib/tiles-autotag-core-runtime-1.1.0.jar:lib/tiles-compat-3.0.5.jar:lib/tiles-core-3.0.5.jar:lib/tiles-el-3.0.5.jar:lib/tiles-extras-3.0.5.jar:lib/tiles-freemarker-3.0.5.jar:lib/tiles-jsp-3.0.5.jar:lib/tiles-mvel-3.0.5.jar:lib/tiles-ognl-3.0.5.jar:lib/tiles-request-api-1.0.6.jar:lib/tiles-request-freemarker-1.0.6.jar:lib/tiles-request-jsp-1.0.6.jar:lib/tiles-request-mustache-1.0.6.jar:lib/tiles-request-servlet-1.0.6.jar:lib/tiles-request-servlet-wildcard-1.0.6.jar:lib/tiles-servlet-3.0.5.jar:lib/tiles-template-3.0.5.jar:lib/spring-aop-3.2.0.RELEASE.jar:lib/spring-aspects-3.2.0.RELEASE.jar:lib/spring-beans-3.2.0.RELEASE.jar:lib/spring-context-3.2.0.RELEASE.jar:lib/spring-context-support-3.2.0.RELEASE.jar:lib/spring-core-3.2.0.RELEASE.jar:lib/spring-expression-3.2.0.RELEASE.jar:lib/spring-jdbc-3.2.0.RELEASE.jar:lib/spring-orm-3.2.0.RELEASE.jar:lib/spring-security-config-3.1.0.RELEASE.jar:lib/spring-security-core-3.1.0.RELEASE.jar:lib/spring-security-taglibs-3.1.0.RELEASE.jar:lib/spring-security-web-3.1.0.RELEASE.jar:lib/spring-test-3.2.0.RELEASE.jar:lib/spring-tx-3.2.0.RELEASE.jar:lib/spring-web-3.2.0.RELEASE.jar:lib/spring-webmvc-3.2.0.RELEASE.jar:lib/ehcache-core-2.6.0.jar:lib/hibernate-ehcache-4.1.4.final.jar:lib/servlet-api.jar:lib/commons-dbcp-1.4.jar:lib/jaxb-api-2.2.jar" />
    <property name="libs.jsp-compilation-syscp.src" value="" />
    <property name="file.reference.tiles-core-3.0.5.jar" value="lib/tiles-core-3.0.5.jar" />
    <property name="do.debug.server" value="true" />
    <property name="debug-transport" value="dt_shmem" />
    <property name="file.reference.slf4j-simple-1.6.4.jar" value="lib\slf4j-simple-1.6.4.jar" />
    <property name="netbeans.home" value="C:\Program Files\NetBeans 7.1.2\platform" />
    <property name="file.reference.commons-lang3-3.1.jar" value="lib/commons-lang3-3.1.jar" />
    <property name="build.compiler.emacs" value="true" />
    <property name="file.reference.spring-core-3.2.0.RELEASE.jar" value="lib/spring-core-3.2.0.RELEASE.jar" />
    <property name="libs.javaee-web-api-6.0.src" value="" />
    <property name="libs.ejb3-persistence.src" value="" />
    <property name="file.reference.hibernate-ehcache-4.1.4.final.jar" value="lib/hibernate-ehcache-4.1.4.final.jar" />
    <property name="libs.jsp-compilation-syscp.classpath" value="C:\Program Files\NetBeans 7.1.2\java\ant\lib\ant.jar;C:\Program Files\NetBeans 7.1.2\enterprise\modules\ext\servlet3.0-jsp2.2-api.jar;C:\Program Files\NetBeans 7.1.2\enterprise\modules\ext\glassfish-jspparser-3.0.jar;C:\Program Files\NetBeans 7.1.2\enterprise\modules\ext\standard.jar;C:\Program Files\NetBeans 7.1.2\enterprise\modules\ext\jsf-2_1\jsf-impl.jar" />
    <property name="java.endorsed.dirs" value="C:\Program Files\Java\jdk1.6.0_07\jre\lib\endorsed" />
    <property name="file.reference.aopalliance-1.0.jar" value="lib/aopalliance-1.0.jar" />
    <property name="test.includes" value="LmsJUnitTest.java" />
    <property name="netbeans.dynamic.classpath" value="C:\Program Files\NetBeans 7.1.2\platform\core\core.jar;C:\Program Files\NetBeans 7.1.2\platform\core\org-openide-filesystems.jar;C:\Program Files\NetBeans 7.1.2\platform\core\locale\core_ja.jar;C:\Program Files\NetBeans 7.1.2\platform\core\locale\core_pt_BR.jar;C:\Program Files\NetBeans 7.1.2\platform\core\locale\core_ru.jar;C:\Program Files\NetBeans 7.1.2\platform\core\locale\core_zh_CN.jar;C:\Program Files\NetBeans 7.1.2\platform\core\locale\org-openide-filesystems_ja.jar;C:\Program Files\NetBeans 7.1.2\platform\core\locale\org-openide-filesystems_pt_BR.jar;C:\Program Files\NetBeans 7.1.2\platform\core\locale\org-openide-filesystems_ru.jar;C:\Program Files\NetBeans 7.1.2\platform\core\locale\org-openide-filesystems_zh_CN.jar;C:\Program Files\NetBeans 7.1.2\nb\core\org-netbeans-upgrader.jar;C:\Program Files\NetBeans 7.1.2\nb\core\locale\core_nb.jar;C:\Program Files\NetBeans 7.1.2\nb\core\locale\core_nb_ja.jar;C:\Program Files\NetBeans 7.1.2\nb\core\locale\core_nb_pt_BR.jar;C:\Program Files\NetBeans 7.1.2\nb\core\locale\core_nb_ru.jar;C:\Program Files\NetBeans 7.1.2\nb\core\locale\core_nb_zh_CN.jar;C:\Program Files\NetBeans 7.1.2\nb\core\locale\org-netbeans-upgrader_ja.jar;C:\Program Files\NetBeans 7.1.2\nb\core\locale\org-netbeans-upgrader_pt_BR.jar;C:\Program Files\NetBeans 7.1.2\nb\core\locale\org-netbeans-upgrader_ru.jar;C:\Program Files\NetBeans 7.1.2\nb\core\locale\org-netbeans-upgrader_zh_CN.jar" />
    <property name="java.vm.specification.version" value="1.0" />
    <property name="libs.primefaces.classpath" value="C:\Program Files\NetBeans 7.1.2\enterprise\modules\ext\primefaces\primefaces-2.2.1.jar" />
    <property name="file.reference.tiles-request-servlet-1.0.6.jar" value="lib/tiles-request-servlet-1.0.6.jar" />
    <property name="libs.javaee-api-6.0.classpath" value="C:\Program Files\NetBeans 7.1.2\enterprise\modules\ext\javaee-api-6.0.jar" />
    <property name="file.reference.slf4j-api-1.6.4.jar" value="lib\slf4j-api-1.6.4.jar" />
    <property name="netbeans.productversion" value="NetBeans IDE 7.1.2 (Build 201204101705)" />
    <property name="libs.hibernate-persistence.classpath" value="C:\Program Files\NetBeans 7.1.2\java\modules\ext\hibernate\antlr-2.7.6.jar;C:\Program Files\NetBeans 7.1.2\java\modules\ext\hibernate\asm.jar;C:\Program Files\NetBeans 7.1.2\java\modules\ext\hibernate\asm-attrs.jar;C:\Program Files\NetBeans 7.1.2\java\modules\ext\hibernate\cglib-2.1.3.jar;C:\Program Files\NetBeans 7.1.2\java\modules\ext\hibernate\commons-collections-2.1.1.jar;C:\Program Files\NetBeans 7.1.2\ide\modules\org-apache-commons-logging.jar;C:\Program Files\NetBeans 7.1.2\java\modules\ext\hibernate\dom4j-1.6.1.jar;C:\Program Files\NetBeans 7.1.2\java\modules\ext\hibernate\ehcache-1.2.3.jar;C:\Program Files\NetBeans 7.1.2\java\modules\ext\hibernate\jdbc2_0-stdext.jar;C:\Program Files\NetBeans 7.1.2\java\modules\ext\hibernate\jta.jar;C:\Program Files\NetBeans 7.1.2\java\modules\ext\hibernate\hibernate3.jar;C:\Program Files\NetBeans 7.1.2\java\modules\ext\hibernate\hibernate-tools.jar;C:\Program Files\NetBeans 7.1.2\java\modules\ext\hibernate\hibernate-annotations.jar;C:\Program Files\NetBeans 7.1.2\java\modules\ext\hibernate\hibernate-commons-annotations.jar;C:\Program Files\NetBeans 7.1.2\java\modules\ext\hibernate\hibernate-entitymanager.jar;C:\Program Files\NetBeans 7.1.2\java\modules\ext\hibernate\javassist.jar;C:\Program Files\NetBeans 7.1.2\java\modules\ext\hibernate\ejb3-persistence.jar" />
    <property name="libs.jaxws21.src" value="" />
    <property name="do.war.package.with.custom.manifest" value="true" />
    <property name="netbeans.autoupdate.language" value="en" />
    <property name="java.vendor" value="Sun Microsystems Inc." />
    <property name="libs.javaee-api-6.0.javadoc" value="C:\Program Files\NetBeans 7.1.2\enterprise\docs\javaee6-doc-api.zip" />
    <property name="file.reference.spring-context-3.2.0.RELEASE.jar" value="lib/spring-context-3.2.0.RELEASE.jar" />
    <property name="javac.debug" value="true" />
    <property name="javadoc.splitindex" value="true" />
    <property name="file.separator" value="\" />
    <property name="file.reference.spring-security-web-3.1.0.RELEASE.jar" value="lib/spring-security-web-3.1.0.RELEASE.jar" />
    <property name="libs.junit_4.maven-pom" value="" />
    <property name="resource.dir" value="setup" />
    <property name="javac.test.processorpath" value="lib\hibernate-validator-4.1.0.Final.jar:lib\validation-api-1.1.0.Final.jar:lib/antlr-2.7.7.jar:lib\antlr-runtime-3.0.1.jar:lib/itext-2.1.7.jar:lib/commons-dbcp-1.2.2.jar:lib/jackson-dataformat-xml-2.1.0.jar:lib\commons-fileupload-1.2.2.jar:lib\commons-io-2.3.jar:lib\commons-logging-1.1.1.jar:lib\commons-pool-1.6.jar:lib\hibernate-commons-annotations-4.0.1.Final.jar:lib/dom4j-1.6.jar:lib\hibernate-entitymanager-4.1.4.Final.jar:lib\hibernate-jpa-2.0-api-1.0.1.Final.jar:lib\javassist-3.15.0-GA.jar:lib\jboss-logging-3.1.0.GA.jar:lib\jboss-transaction-api_1.1_spec-1.0.0.Final.jar:lib\mail.jar:lib\slf4j-api-1.6.4.jar:lib\slf4j-simple-1.6.4.jar:lib/aopalliance-1.0.jar:lib/cglib-nodep-2.1.3.jar:lib/aspectjrt-1.6.8.jar:lib/aspectjweaver-1.6.8.jar:lib/spring-security-config-3.1.0.RELEASE.jar:lib/spring-security-core-3.1.0.RELEASE.jar:lib/spring-security-taglibs-3.1.0.RELEASE.jar:lib/spring-security-web-3.1.0.RELEASE.jar:lib\hibernate-core-4.1.4.Final.jar:lib\jstl-1.2.jar:lib/jasperreports-5.1.0.jar.zip:lib/javax.annotation.jar.zip:lib/mysql-connector-java-5.1.13-bin.jar:lib/commons-javaflow-20060411.jar:lib/jdt-compiler-3.1.1.jar:lib/xmlbeans-2.3.0.jar:lib/org-netbeans-core_ireport.jar:lib/antlr-2.7.7.jar:lib/asm-attrs.jar:lib/asm.jar:lib/barbecue-1.5-beta1.jar:lib/barcode4j-2.0.jar:lib/batik-anim.jar:lib/cglib-2.1.jar:lib/cincom-jr-xmla.jar:lib/commons-beanutils-1.8.2.jar:lib/commons-collections-3.2.1.jar:lib/commons-logging-api-1.1.1.jar:lib/jasper-compiler-jdt.jar:lib/commons-lang3-3.1.jar:lib/commons-digester-2.1.jar:lib/jasperreports-fonts-5.1.0.jar:lib/jasperreports-javaflow-5.1.0.jar:lib/jackson-annotations-2.1.4.jar:lib/jackson-core-2.1.4.jar:lib/jackson-databind-2.1.4.jar:lib/jackson-annotations-2.0.0.jar:lib/ehcache-spring-annotations-1.2.0.jar:lib/tiles-api-3.0.5.jar:lib/tiles-autotag-core-runtime-1.1.0.jar:lib/tiles-compat-3.0.5.jar:lib/tiles-core-3.0.5.jar:lib/tiles-el-3.0.5.jar:lib/tiles-extras-3.0.5.jar:lib/tiles-freemarker-3.0.5.jar:lib/tiles-jsp-3.0.5.jar:lib/tiles-mvel-3.0.5.jar:lib/tiles-ognl-3.0.5.jar:lib/tiles-request-api-1.0.6.jar:lib/tiles-request-freemarker-1.0.6.jar:lib/tiles-request-jsp-1.0.6.jar:lib/tiles-request-mustache-1.0.6.jar:lib/tiles-request-servlet-1.0.6.jar:lib/tiles-request-servlet-wildcard-1.0.6.jar:lib/tiles-servlet-3.0.5.jar:lib/tiles-template-3.0.5.jar:lib/spring-aop-3.2.0.RELEASE.jar:lib/spring-aspects-3.2.0.RELEASE.jar:lib/spring-beans-3.2.0.RELEASE.jar:lib/spring-context-3.2.0.RELEASE.jar:lib/spring-context-support-3.2.0.RELEASE.jar:lib/spring-core-3.2.0.RELEASE.jar:lib/spring-expression-3.2.0.RELEASE.jar:lib/spring-jdbc-3.2.0.RELEASE.jar:lib/spring-orm-3.2.0.RELEASE.jar:lib/spring-security-config-3.1.0.RELEASE.jar:lib/spring-security-core-3.1.0.RELEASE.jar:lib/spring-security-taglibs-3.1.0.RELEASE.jar:lib/spring-security-web-3.1.0.RELEASE.jar:lib/spring-test-3.2.0.RELEASE.jar:lib/spring-tx-3.2.0.RELEASE.jar:lib/spring-web-3.2.0.RELEASE.jar:lib/spring-webmvc-3.2.0.RELEASE.jar:lib/ehcache-core-2.6.0.jar:lib/hibernate-ehcache-4.1.4.final.jar:lib/servlet-api.jar:lib/commons-dbcp-1.4.jar:lib/jaxb-api-2.2.jar:build/web/WEB-INF/classes:D:/Running Project/lms/lib/junit_4/junit-4.10.jar" />
    <property name="netbeans.buildnumber" value="201204101705" />
    <property name="libs.JWSAntTasks.javadoc" value="" />
    <property name="build.generated.sources.dir" value="build/generated-sources" />
    <property name="user.variant" value="" />
    <property name="libs.eclipselinkmodelgen.classpath" value="C:\Program Files\NetBeans 7.1.2\java\modules\ext\eclipselink\eclipselink-jpa-modelgen-2.3.0.jar" />
    <property name="file.reference.tiles-el-3.0.5.jar" value="lib/tiles-el-3.0.5.jar" />
    <property name="libs.junit.classpath" value="D:/Running Project/lms/lib/junit/junit-3.8.2.jar" />
    <property name="libs.jaxb.javadoc" value="C:\Program Files\NetBeans 7.1.2\ide\docs\jaxb-api-doc.zip" />
    <property name="libs.struts.classpath" value="C:\Program Files\NetBeans 7.1.2\enterprise\modules\ext\struts\antlr-2.7.2.jar;C:\Program Files\NetBeans 7.1.2\enterprise\modules\ext\struts\bsf-2.3.0.jar;C:\Program Files\NetBeans 7.1.2\enterprise\modules\ext\struts\commons-beanutils-1.8.0.jar;C:\Program Files\NetBeans 7.1.2\enterprise\modules\ext\struts\commons-chain-1.2.jar;C:\Program Files\NetBeans 7.1.2\enterprise\modules\ext\struts\commons-digester-1.8.jar;C:\Program Files\NetBeans 7.1.2\enterprise\modules\ext\struts\commons-fileupload-1.1.1.jar;C:\Program Files\NetBeans 7.1.2\enterprise\modules\ext\struts\commons-io-1.1.jar;C:\Program Files\NetBeans 7.1.2\enterprise\modules\ext\struts\commons-logging-1.0.4.jar;C:\Program Files\NetBeans 7.1.2\enterprise\modules\ext\struts\commons-validator-1.3.1.jar;C:\Program Files\NetBeans 7.1.2\enterprise\modules\ext\struts\jstl-1.0.2.jar;C:\Program Files\NetBeans 7.1.2\enterprise\modules\ext\struts\oro-2.0.8.jar;C:\Program Files\NetBeans 7.1.2\enterprise\modules\ext\struts\standard-1.0.6.jar;C:\Program Files\NetBeans 7.1.2\enterprise\modules\ext\struts\struts-core-1.3.10.jar;C:\Program Files\NetBeans 7.1.2\enterprise\modules\ext\struts\struts-el-1.3.10.jar;C:\Program Files\NetBeans 7.1.2\enterprise\modules\ext\struts\struts-extras-1.3.10.jar;C:\Program Files\NetBeans 7.1.2\enterprise\modules\ext\struts\struts-faces-1.3.10.jar;C:\Program Files\NetBeans 7.1.2\enterprise\modules\ext\struts\struts-mailreader-dao-1.3.10.jar;C:\Program Files\NetBeans 7.1.2\enterprise\modules\ext\struts\struts-scripting-1.3.10.jar;C:\Program Files\NetBeans 7.1.2\enterprise\modules\ext\struts\struts-taglib-1.3.10.jar;C:\Program Files\NetBeans 7.1.2\enterprise\modules\ext\struts\struts-tiles-1.3.10.jar" />
    <property name="application.args.param" value="" />
    <property name="ant.home" value="C:\Program Files\NetBeans 7.1.2\java\ant" />
    <property name="libs.junit_4.src" value="D:/Running Project/lms/lib/junit_4/junit-4.10-sources.jar" />
    <property name="file.reference.batik-anim.jar" value="lib/batik-anim.jar" />
    <property name="conf.dir" value="src/conf" />
    <property name="webinf.dir" value="web/WEB-INF" />
    <property name="libs.absolutelayout.maven-pom" value="" />
    <property name="ant.java.version" value="1.6" />
    <property name="java.library.path" value="C:\Program Files\NetBeans 7.1.2\bin;.;C:\Windows\Sun\Java\bin;C:\Windows\system32;C:\Windows;C:\Windows\system32;C:\Windows;C:\Windows\System32\Wbem;C:\Windows\System32\WindowsPowerShell\v1.0\;C:\Program Files\MySQL\MySQL Server 5.1\bin;C:\Program Files\MySQL\MySQL Server 5.5\bin" />
    <property name="javadoc.author" value="false" />
    <property name="libs.metro.maven-pom" value="" />
    <property name="java.util.logging.config.class" value="org.netbeans.core.startup.TopLogging" />
    <property name="libs.jasper.classpath" value="D:/Running Project/lms/lib/jasper/jasperreports-6.0.0.jar;D:/Running Project/lms/lib/jasper/jasperreports-fonts-6.0.0.jar;D:/Running Project/lms/lib/jasper/jasperreports-javaflow-6.0.0.jar;D:/Running Project/lms/lib/jasper/ant-1.7.1.jar;D:/Running Project/lms/lib/jasper/antlr-2.7.5.jar;D:/Running Project/lms/lib/jasper/barbecue-1.5-beta1.jar;D:/Running Project/lms/lib/jasper/barcode4j-2.1.jar;D:/Running Project/lms/lib/jasper/batik-anim.jar;D:/Running Project/lms/lib/jasper/batik-awt-util.jar;D:/Running Project/lms/lib/jasper/batik-bridge.jar;D:/Running Project/lms/lib/jasper/batik-css.jar;D:/Running Project/lms/lib/jasper/batik-dom.jar;D:/Running Project/lms/lib/jasper/batik-ext.jar;D:/Running Project/lms/lib/jasper/batik-gvt.jar;D:/Running Project/lms/lib/jasper/batik-parser.jar;D:/Running Project/lms/lib/jasper/batik-script.jar;D:/Running Project/lms/lib/jasper/batik-svg-dom.jar;D:/Running Project/lms/lib/jasper/batik-svggen.jar;D:/Running Project/lms/lib/jasper/batik-util.jar;D:/Running Project/lms/lib/jasper/batik-xml.jar;D:/Running Project/lms/lib/jasper/bcel-5.2.jar;D:/Running Project/lms/lib/jasper/bsh-2.0b4.jar;D:/Running Project/lms/lib/jasper/castor-1.2.jar;D:/Running Project/lms/lib/jasper/commons-beanutils-1.9.0.jar;D:/Running Project/lms/lib/jasper/commons-codec-1.5.jar;D:/Running Project/lms/lib/jasper/commons-collections-3.2.1.jar;D:/Running Project/lms/lib/jasper/commons-digester-2.1.jar;D:/Running Project/lms/lib/jasper/commons-javaflow-20060411.jar;D:/Running Project/lms/lib/jasper/commons-logging-1.1.1.jar;D:/Running Project/lms/lib/jasper/dom4j-1.6.1.jar;D:/Running Project/lms/lib/jasper/ecj-4.3.1.jar;D:/Running Project/lms/lib/jasper/groovy-all-2.0.1.jar;D:/Running Project/lms/lib/jasper/hibernate3.jar;D:/Running Project/lms/lib/jasper/hsqldb-1.8.0-10.jar;D:/Running Project/lms/lib/jasper/httpclient-4.3.4.jar;D:/Running Project/lms/lib/jasper/httpcore-4.3.2.jar;D:/Running Project/lms/lib/jasper/itext-pdfa-5.5.0.jar;D:/Running Project/lms/lib/jasper/itextpdf-5.5.0.jar;D:/Running Project/lms/lib/jasper/jackson-annotations-2.1.4.jar;D:/Running Project/lms/lib/jasper/jackson-core-2.1.4.jar;D:/Running Project/lms/lib/jasper/jackson-databind-2.1.4.jar;D:/Running Project/lms/lib/jasper/jaxen-1.1.1.jar;D:/Running Project/lms/lib/jasper/jcommon-1.0.15.jar;D:/Running Project/lms/lib/jasper/jfreechart-1.0.12.jar;D:/Running Project/lms/lib/jasper/jpa.jar;D:/Running Project/lms/lib/jasper/jxl-2.6.10.jar;D:/Running Project/lms/lib/jasper/log4j-1.2.15.jar;D:/Running Project/lms/lib/jasper/lucene-analyzers-common-4.5.1.jar;D:/Running Project/lms/lib/jasper/lucene-core-4.5.1.jar;D:/Running Project/lms/lib/jasper/lucene-queryparser-4.5.1.jar;D:/Running Project/lms/lib/jasper/mondrian-3.1.1.12687.jar;D:/Running Project/lms/lib/jasper/olap4j-0.9.7.309-JS-3.jar;D:/Running Project/lms/lib/jasper/png-encoder-1.5.jar;D:/Running Project/lms/lib/jasper/poi-3.10.1.jar;D:/Running Project/lms/lib/jasper/poi-ooxml-3.10.1.jar;D:/Running Project/lms/lib/jasper/poi-ooxml-schemas-3.10.1.jar;D:/Running Project/lms/lib/jasper/rhino-1.7R3.jar;D:/Running Project/lms/lib/jasper/saaj-api-1.3.jar;D:/Running Project/lms/lib/jasper/serializer.jar;D:/Running Project/lms/lib/jasper/servlet-api-2.4.jar;D:/Running Project/lms/lib/jasper/spring-beans-2.5.5.jar;D:/Running Project/lms/lib/jasper/spring-core-2.5.5.jar;D:/Running Project/lms/lib/jasper/velocity-1.7-dep.jar;D:/Running Project/lms/lib/jasper/xalan-2.7.1.jar;D:/Running Project/lms/lib/jasper/xercesImpl-2.10.0.jar;D:/Running Project/lms/lib/jasper/xml-apis-ext.jar;D:/Running Project/lms/lib/jasper/xml-apis.jar;D:/Running Project/lms/lib/jasper/xmlbeans-2.5.0.jar" />
    <property name="libs.PostgreSQLDriver.src" value="" />
    <property name="sun.arch.data.model" value="32" />
    <property name="basedir" value="D:\Running Project\lms" />
    <property name="file.reference.spring-context-support-3.2.0.RELEASE.jar" value="lib/spring-context-support-3.2.0.RELEASE.jar" />
    <property name="ant.file.lms" value="D:\Running Project\lms\build.xml" />
    <property name="file.reference.jasperreports-fonts-5.1.0.jar" value="lib/jasperreports-fonts-5.1.0.jar" />
    <property name="jar.compress" value="false" />
    <property name="file.reference.spring-security-config-3.1.0.RELEASE.jar" value="lib/spring-security-config-3.1.0.RELEASE.jar" />
    <property name="libs.jstl11.classpath" value="C:\Program Files\NetBeans 7.1.2\enterprise\modules\ext\standard.jar;C:\Program Files\NetBeans 7.1.2\enterprise\modules\ext\jstl.jar" />
    <property name="path.separator" value=";" />
    <property name="dist.war" value="dist/lms.war" />
    <property name="libs.javaee-web-api-6.0.javadoc" value="C:\Program Files\NetBeans 7.1.2\enterprise\docs\javaee6-doc-api.zip" />
    <property name="ant.junit.enabletestlistenerevents" value="true" />
    <property name="sun.io.unicode.encoding" value="UnicodeLittle" />
    <property name="libs.jaxws21.classpath" value="C:\Program Files\NetBeans 7.1.2\ide\modules\ext\jaxb\jaxb-impl.jar;C:\Program Files\NetBeans 7.1.2\ide\modules\ext\jaxb\jaxb-xjc.jar;C:\Program Files\NetBeans 7.1.2\java\modules\ext\jaxws22\FastInfoset.jar;C:\Program Files\NetBeans 7.1.2\java\modules\ext\jaxws22\gmbal-api-only.jar;C:\Program Files\NetBeans 7.1.2\java\modules\ext\jaxws22\http.jar;C:\Program Files\NetBeans 7.1.2\java\modules\ext\jaxws22\jaxws-rt.jar;C:\Program Files\NetBeans 7.1.2\java\modules\ext\jaxws22\jaxws-tools.jar;C:\Program Files\NetBeans 7.1.2\java\modules\ext\jaxws22\management-api.jar;C:\Program Files\NetBeans 7.1.2\java\modules\ext\jaxws22\mimepull.jar;C:\Program Files\NetBeans 7.1.2\java\modules\ext\jaxws22\policy.jar;C:\Program Files\NetBeans 7.1.2\java\modules\ext\jaxws22\saaj-impl.jar;C:\Program Files\NetBeans 7.1.2\java\modules\ext\jaxws22\stax-ex.jar;C:\Program Files\NetBeans 7.1.2\java\modules\ext\jaxws22\streambuffer.jar;C:\Program Files\NetBeans 7.1.2\java\modules\ext\jaxws22\woodstox.jar;C:\Program Files\NetBeans 7.1.2\java\modules\ext\jaxws22\api\jaxws-api.jar;C:\Program Files\NetBeans 7.1.2\java\modules\ext\jaxws22\api\jsr181-api.jar;C:\Program Files\NetBeans 7.1.2\java\modules\ext\jaxws22\api\jsr250-api.jar;C:\Program Files\NetBeans 7.1.2\java\modules\ext\jaxws22\api\saaj-api.jar;C:\Program Files\NetBeans 7.1.2\ide\modules\ext\jaxb\activation.jar;C:\Program Files\NetBeans 7.1.2\ide\modules\ext\jaxb\api\jaxb-api.jar;C:\Program Files\NetBeans 7.1.2\ide\modules\ext\jaxb\api\jsr173_api.jar" />
    <property name="file.reference.hibernate-core-4.1.4.Final.jar" value="lib\hibernate-core-4.1.4.Final.jar" />
    <property name="libs.struts.src" value="" />
    <property name="apple.awt.graphics.UseQuartz" value="true" />
    <property name="user.language" value="en" />
    <property name="j2ee.platform.classpath" value="C:/Program Files/Apache Software Foundation/Apache Tomcat 7.0.22/lib/annotations-api.jar:C:/Program Files/Apache Software Foundation/Apache Tomcat 7.0.22/lib/catalina-ant.jar:C:/Program Files/Apache Software Foundation/Apache Tomcat 7.0.22/lib/catalina-ha.jar:C:/Program Files/Apache Software Foundation/Apache Tomcat 7.0.22/lib/catalina-tribes.jar:C:/Program Files/Apache Software Foundation/Apache Tomcat 7.0.22/lib/catalina.jar:C:/Program Files/Apache Software Foundation/Apache Tomcat 7.0.22/lib/ecj-3.7.jar:C:/Program Files/Apache Software Foundation/Apache Tomcat 7.0.22/lib/el-api.jar:C:/Program Files/Apache Software Foundation/Apache Tomcat 7.0.22/lib/jasper-el.jar:C:/Program Files/Apache Software Foundation/Apache Tomcat 7.0.22/lib/jasper.jar:C:/Program Files/Apache Software Foundation/Apache Tomcat 7.0.22/lib/jsp-api.jar:C:/Program Files/Apache Software Foundation/Apache Tomcat 7.0.22/lib/servlet-api.jar:C:/Program Files/Apache Software Foundation/Apache Tomcat 7.0.22/lib/tomcat-api.jar:C:/Program Files/Apache Software Foundation/Apache Tomcat 7.0.22/lib/tomcat-coyote.jar:C:/Program Files/Apache Software Foundation/Apache Tomcat 7.0.22/lib/tomcat-dbcp.jar:C:/Program Files/Apache Software Foundation/Apache Tomcat 7.0.22/lib/tomcat-i18n-es.jar:C:/Program Files/Apache Software Foundation/Apache Tomcat 7.0.22/lib/tomcat-i18n-fr.jar:C:/Program Files/Apache Software Foundation/Apache Tomcat 7.0.22/lib/tomcat-i18n-ja.jar:C:/Program Files/Apache Software Foundation/Apache Tomcat 7.0.22/lib/tomcat-jdbc.jar:C:/Program Files/Apache Software Foundation/Apache Tomcat 7.0.22/lib/tomcat-util.jar" />
    <property name="libs.JAXB-ENDORSED.maven-pom" value="" />
    <property name="libs.spring-framework.classpath" value="C:\Program Files\NetBeans 7.1.2\ide\modules\org-apache-commons-logging.jar;C:\Program Files\NetBeans 7.1.2\java\modules\ext\cglib-2.2.jar;C:\Program Files\NetBeans 7.1.2\java\modules\ext\spring\spring-2.5.6.SEC03.jar" />
    <property name="libs.eclipselink.maven-pom" value="" />
    <property name="build.meta.inf.dir" value="build/web/META-INF" />
    <property name="libs.jasireport.classpath" value="D:/Running Project/lms/lib/jasireport/ant-1.7.1.jar;D:/Running Project/lms/lib/jasireport/antlr-2.7.6.jar;D:/Running Project/lms/lib/jasireport/asm-attrs.jar;D:/Running Project/lms/lib/jasireport/asm.jar;D:/Running Project/lms/lib/jasireport/barbecue-1.5-beta1.jar;D:/Running Project/lms/lib/jasireport/barcode4j-2.0.jar;D:/Running Project/lms/lib/jasireport/batik-anim.jar;D:/Running Project/lms/lib/jasireport/batik-awt-util.jar;D:/Running Project/lms/lib/jasireport/batik-bridge.jar;D:/Running Project/lms/lib/jasireport/batik-css.jar;D:/Running Project/lms/lib/jasireport/batik-dom.jar;D:/Running Project/lms/lib/jasireport/batik-ext.jar;D:/Running Project/lms/lib/jasireport/batik-gvt.jar;D:/Running Project/lms/lib/jasireport/batik-parser.jar;D:/Running Project/lms/lib/jasireport/batik-script.jar;D:/Running Project/lms/lib/jasireport/batik-svg-dom.jar;D:/Running Project/lms/lib/jasireport/batik-svggen.jar;D:/Running Project/lms/lib/jasireport/batik-util.jar;D:/Running Project/lms/lib/jasireport/batik-xml.jar;D:/Running Project/lms/lib/jasireport/bcel-5.2.jar;D:/Running Project/lms/lib/jasireport/bsh-2.0b4.jar;D:/Running Project/lms/lib/jasireport/castor-1.2.jar;D:/Running Project/lms/lib/jasireport/cglib-2.1.jar;D:/Running Project/lms/lib/jasireport/cincom-jr-xmla.jar;D:/Running Project/lms/lib/jasireport/commons-beanutils-1.8.2.jar;D:/Running Project/lms/lib/jasireport/commons-collections-3.2.1.jar;D:/Running Project/lms/lib/jasireport/commons-dbcp-1.2.2.jar;D:/Running Project/lms/lib/jasireport/commons-digester-1.7.jar;D:/Running Project/lms/lib/jasireport/commons-javaflow-20060411.jar;D:/Running Project/lms/lib/jasireport/commons-logging-1.1.jar;D:/Running Project/lms/lib/jasireport/commons-math-1.0.jar;D:/Running Project/lms/lib/jasireport/commons-pool-1.3.jar;D:/Running Project/lms/lib/jasireport/commons-vfs-1.0.jar;D:/Running Project/lms/lib/jasireport/dom4j-1.6.jar;D:/Running Project/lms/lib/jasireport/ehcache-1.1.jar;D:/Running Project/lms/lib/jasireport/eigenbase-properties-1.1.0.10924.jar;D:/Running Project/lms/lib/jasireport/eigenbase-resgen-1.3.0.11873.jar;D:/Running Project/lms/lib/jasireport/eigenbase-xom-1.3.0.11999.jar;D:/Running Project/lms/lib/jasireport/ejb3-persistence.jar;D:/Running Project/lms/lib/jasireport/groovy-all-1.7.5.jar;D:/Running Project/lms/lib/jasireport/hsqldb-1.8.0-10.jar;D:/Running Project/lms/lib/jasireport/iText-2.1.7.jar;D:/Running Project/lms/lib/jasireport/iTextAsian.jar;D:/Running Project/lms/lib/jasireport/jakarta-bcel-20050813.jar;D:/Running Project/lms/lib/jasireport/jasperreports-4.0.1.jar;D:/Running Project/lms/lib/jasireport/jasperreports-chart-themes-4.0.1.jar;D:/Running Project/lms/lib/jasireport/jasperreports-extensions-3.5.3.jar;D:/Running Project/lms/lib/jasireport/jasperreports-fonts-4.0.1.jar;D:/Running Project/lms/lib/jasireport/javacup.jar;D:/Running Project/lms/lib/jasireport/javassist-3.4.GA.jar;D:/Running Project/lms/lib/jasireport/jaxen-1.1.1.jar;D:/Running Project/lms/lib/jasireport/jcommon-1.0.15.jar;D:/Running Project/lms/lib/jasireport/jdt-compiler-3.1.1.jar;D:/Running Project/lms/lib/jasireport/jfreechart-1.0.12.jar;D:/Running Project/lms/lib/jasireport/jpa.jar;D:/Running Project/lms/lib/jasireport/js_activation-1.1.jar;D:/Running Project/lms/lib/jasireport/js_axis-1.4patched.jar;D:/Running Project/lms/lib/jasireport/js_commons-codec-1.3.jar;D:/Running Project/lms/lib/jasireport/js_commons-discovery-0.2.jar;D:/Running Project/lms/lib/jasireport/js_commons-httpclient-3.1.jar;D:/Running Project/lms/lib/jasireport/js_jasperserver-common-ws-3.5.0.jar;D:/Running Project/lms/lib/jasireport/js_jaxrpc.jar;D:/Running Project/lms/lib/jasireport/js_mail-1.4.jar;D:/Running Project/lms/lib/jasireport/js_saaj-api-1.3.jar;D:/Running Project/lms/lib/jasireport/js_wsdl4j-1.5.1.jar;D:/Running Project/lms/lib/jasireport/jta.jar;D:/Running Project/lms/lib/jasireport/jxl-2.6.10.jar;D:/Running Project/lms/lib/jasireport/log4j-1.2.15.jar;D:/Running Project/lms/lib/jasireport/mondrian-3.1.1.12687-Jaspersoft.jar;D:/Running Project/lms/lib/jasireport/olap4j-0.9.7.145.jar;D:/Running Project/lms/lib/jasireport/png-encoder-1.5.jar;D:/Running Project/lms/lib/jasireport/poi-3.6.jar;D:/Running Project/lms/lib/jasireport/rex-20080421.jar;D:/Running Project/lms/lib/jasireport/rhino-1.7R1.jar;D:/Running Project/lms/lib/jasireport/saaj-api-1.3.jar;D:/Running Project/lms/lib/jasireport/slf4j-api.jar;D:/Running Project/lms/lib/jasireport/slf4j-log4j12.jar;D:/Running Project/lms/lib/jasireport/spring.jar;D:/Running Project/lms/lib/jasireport/sqleonardo-2009.03.rc1.jar;D:/Running Project/lms/lib/jasireport/swingx-2007_10_07.jar;D:/Running Project/lms/lib/jasireport/xml-apis-ext.jar;D:/Running Project/lms/lib/jasireport/xml-apis.jar" />
    <property name="persistence.xml.dir" value="src/conf" />
    <property name="file.reference.jdt-compiler-3.1.1.jar" value="lib/jdt-compiler-3.1.1.jar" />
    <property name="libs.primefaces.javadoc" value="" />
    <property name="libs.spring-framework300.maven-pom" value="" />
    <property name="file.reference.hibernate-commons-annotations-4.0.1.Final.jar" value="lib\hibernate-commons-annotations-4.0.1.Final.jar" />
    <property name="run.test.classpath" value="lib\hibernate-validator-4.1.0.Final.jar:lib\validation-api-1.1.0.Final.jar:lib/antlr-2.7.7.jar:lib\antlr-runtime-3.0.1.jar:lib/itext-2.1.7.jar:lib/commons-dbcp-1.2.2.jar:lib/jackson-dataformat-xml-2.1.0.jar:lib\commons-fileupload-1.2.2.jar:lib\commons-io-2.3.jar:lib\commons-logging-1.1.1.jar:lib\commons-pool-1.6.jar:lib\hibernate-commons-annotations-4.0.1.Final.jar:lib/dom4j-1.6.jar:lib\hibernate-entitymanager-4.1.4.Final.jar:lib\hibernate-jpa-2.0-api-1.0.1.Final.jar:lib\javassist-3.15.0-GA.jar:lib\jboss-logging-3.1.0.GA.jar:lib\jboss-transaction-api_1.1_spec-1.0.0.Final.jar:lib\mail.jar:lib\slf4j-api-1.6.4.jar:lib\slf4j-simple-1.6.4.jar:lib/aopalliance-1.0.jar:lib/cglib-nodep-2.1.3.jar:lib/aspectjrt-1.6.8.jar:lib/aspectjweaver-1.6.8.jar:lib/spring-security-config-3.1.0.RELEASE.jar:lib/spring-security-core-3.1.0.RELEASE.jar:lib/spring-security-taglibs-3.1.0.RELEASE.jar:lib/spring-security-web-3.1.0.RELEASE.jar:lib\hibernate-core-4.1.4.Final.jar:lib\jstl-1.2.jar:lib/jasperreports-5.1.0.jar.zip:lib/javax.annotation.jar.zip:lib/mysql-connector-java-5.1.13-bin.jar:lib/commons-javaflow-20060411.jar:lib/jdt-compiler-3.1.1.jar:lib/xmlbeans-2.3.0.jar:lib/org-netbeans-core_ireport.jar:lib/antlr-2.7.7.jar:lib/asm-attrs.jar:lib/asm.jar:lib/barbecue-1.5-beta1.jar:lib/barcode4j-2.0.jar:lib/batik-anim.jar:lib/cglib-2.1.jar:lib/cincom-jr-xmla.jar:lib/commons-beanutils-1.8.2.jar:lib/commons-collections-3.2.1.jar:lib/commons-logging-api-1.1.1.jar:lib/jasper-compiler-jdt.jar:lib/commons-lang3-3.1.jar:lib/commons-digester-2.1.jar:lib/jasperreports-fonts-5.1.0.jar:lib/jasperreports-javaflow-5.1.0.jar:lib/jackson-annotations-2.1.4.jar:lib/jackson-core-2.1.4.jar:lib/jackson-databind-2.1.4.jar:lib/jackson-annotations-2.0.0.jar:lib/ehcache-spring-annotations-1.2.0.jar:lib/tiles-api-3.0.5.jar:lib/tiles-autotag-core-runtime-1.1.0.jar:lib/tiles-compat-3.0.5.jar:lib/tiles-core-3.0.5.jar:lib/tiles-el-3.0.5.jar:lib/tiles-extras-3.0.5.jar:lib/tiles-freemarker-3.0.5.jar:lib/tiles-jsp-3.0.5.jar:lib/tiles-mvel-3.0.5.jar:lib/tiles-ognl-3.0.5.jar:lib/tiles-request-api-1.0.6.jar:lib/tiles-request-freemarker-1.0.6.jar:lib/tiles-request-jsp-1.0.6.jar:lib/tiles-request-mustache-1.0.6.jar:lib/tiles-request-servlet-1.0.6.jar:lib/tiles-request-servlet-wildcard-1.0.6.jar:lib/tiles-servlet-3.0.5.jar:lib/tiles-template-3.0.5.jar:lib/spring-aop-3.2.0.RELEASE.jar:lib/spring-aspects-3.2.0.RELEASE.jar:lib/spring-beans-3.2.0.RELEASE.jar:lib/spring-context-3.2.0.RELEASE.jar:lib/spring-context-support-3.2.0.RELEASE.jar:lib/spring-core-3.2.0.RELEASE.jar:lib/spring-expression-3.2.0.RELEASE.jar:lib/spring-jdbc-3.2.0.RELEASE.jar:lib/spring-orm-3.2.0.RELEASE.jar:lib/spring-security-config-3.1.0.RELEASE.jar:lib/spring-security-core-3.1.0.RELEASE.jar:lib/spring-security-taglibs-3.1.0.RELEASE.jar:lib/spring-security-web-3.1.0.RELEASE.jar:lib/spring-test-3.2.0.RELEASE.jar:lib/spring-tx-3.2.0.RELEASE.jar:lib/spring-web-3.2.0.RELEASE.jar:lib/spring-webmvc-3.2.0.RELEASE.jar:lib/ehcache-core-2.6.0.jar:lib/hibernate-ehcache-4.1.4.final.jar:lib/servlet-api.jar:lib/commons-dbcp-1.4.jar:lib/jaxb-api-2.2.jar:build/web/WEB-INF/classes:D:/Running Project/lms/lib/junit_4/junit-4.10.jar:build/test/classes" />
    <property name="ant.project.invoked-targets" value="test-single" />
    <property name="libs.swing-layout.javadoc" value="C:\Program Files\NetBeans 7.1.2\platform\docs\swing-layout-1.0.4-doc.zip" />
    <property name="libs.ejb3-persistence.maven-pom" value="" />
    <property name="jspc.schemas" value="/resources/schemas/" />
    <property name="libs.PostgreSQLDriver.maven-pom" value="" />
    <property name="java.class.version" value="50.0" />
    <property name="libs.javaee-endorsed-api-6.0.src" value="" />
    <property name="netbeans.system_http_proxy" value="DIRECT" />
    <property name="libs.eclipselink.javadoc" value="" />
    <property name="libs.jsp-compilation.maven-pom" value="" />
    <property name="user.properties.file" value="C:\Users\Ashutosh\.netbeans\7.1.2\build.properties" />
    <property name="build.web.dir" value="build/web" />
    <property name="libs.spring-framework.src" value="" />
    <property name="libs.javac-api.maven-pom" value="" />
    <property name="file.reference.tiles-servlet-3.0.5.jar" value="lib/tiles-servlet-3.0.5.jar" />
    <property name="file.encoding.pkg" value="sun.io" />
    <property name="sun.cpu.endian" value="little" />
    <property name="libs.JAXB-ENDORSED.javadoc" value="" />
    <property name="libs.JWSAntTasks.classpath" value="C:\Program Files\NetBeans 7.1.2\java\ant\extra\org-netbeans-modules-javawebstart-anttasks.jar" />
    <property name="libs.spring-framework300.src" value="" />
    <property name="auxiliary.org-netbeans-modules-projectapi.jsf_2e_language" value="Facelets" />
    <property name="empty.dir" value="D:\Running Project\lms\build\empty" />
    <property name="display.browser" value="true" />
    <property name="file.reference.ehcache-core-2.6.0.jar" value="lib/ehcache-core-2.6.0.jar" />
    <property name="version-output" value="java version &quot;1.6" />
    <property name="javadoc.preview" value="true" />
    <property name="file.reference.commons-logging-1.1.1.jar" value="lib\commons-logging-1.1.1.jar" />
    <property name="java.home" value="C:\Program Files\Java\jdk1.6.0_07\jre" />
    <property name="libs.jsp-compilation.src" value="" />
    <property name="libs.spring-webmvc.src" value="" />
    <property name="debug.test.classpath" value="lib\hibernate-validator-4.1.0.Final.jar:lib\validation-api-1.1.0.Final.jar:lib/antlr-2.7.7.jar:lib\antlr-runtime-3.0.1.jar:lib/itext-2.1.7.jar:lib/commons-dbcp-1.2.2.jar:lib/jackson-dataformat-xml-2.1.0.jar:lib\commons-fileupload-1.2.2.jar:lib\commons-io-2.3.jar:lib\commons-logging-1.1.1.jar:lib\commons-pool-1.6.jar:lib\hibernate-commons-annotations-4.0.1.Final.jar:lib/dom4j-1.6.jar:lib\hibernate-entitymanager-4.1.4.Final.jar:lib\hibernate-jpa-2.0-api-1.0.1.Final.jar:lib\javassist-3.15.0-GA.jar:lib\jboss-logging-3.1.0.GA.jar:lib\jboss-transaction-api_1.1_spec-1.0.0.Final.jar:lib\mail.jar:lib\slf4j-api-1.6.4.jar:lib\slf4j-simple-1.6.4.jar:lib/aopalliance-1.0.jar:lib/cglib-nodep-2.1.3.jar:lib/aspectjrt-1.6.8.jar:lib/aspectjweaver-1.6.8.jar:lib/spring-security-config-3.1.0.RELEASE.jar:lib/spring-security-core-3.1.0.RELEASE.jar:lib/spring-security-taglibs-3.1.0.RELEASE.jar:lib/spring-security-web-3.1.0.RELEASE.jar:lib\hibernate-core-4.1.4.Final.jar:lib\jstl-1.2.jar:lib/jasperreports-5.1.0.jar.zip:lib/javax.annotation.jar.zip:lib/mysql-connector-java-5.1.13-bin.jar:lib/commons-javaflow-20060411.jar:lib/jdt-compiler-3.1.1.jar:lib/xmlbeans-2.3.0.jar:lib/org-netbeans-core_ireport.jar:lib/antlr-2.7.7.jar:lib/asm-attrs.jar:lib/asm.jar:lib/barbecue-1.5-beta1.jar:lib/barcode4j-2.0.jar:lib/batik-anim.jar:lib/cglib-2.1.jar:lib/cincom-jr-xmla.jar:lib/commons-beanutils-1.8.2.jar:lib/commons-collections-3.2.1.jar:lib/commons-logging-api-1.1.1.jar:lib/jasper-compiler-jdt.jar:lib/commons-lang3-3.1.jar:lib/commons-digester-2.1.jar:lib/jasperreports-fonts-5.1.0.jar:lib/jasperreports-javaflow-5.1.0.jar:lib/jackson-annotations-2.1.4.jar:lib/jackson-core-2.1.4.jar:lib/jackson-databind-2.1.4.jar:lib/jackson-annotations-2.0.0.jar:lib/ehcache-spring-annotations-1.2.0.jar:lib/tiles-api-3.0.5.jar:lib/tiles-autotag-core-runtime-1.1.0.jar:lib/tiles-compat-3.0.5.jar:lib/tiles-core-3.0.5.jar:lib/tiles-el-3.0.5.jar:lib/tiles-extras-3.0.5.jar:lib/tiles-freemarker-3.0.5.jar:lib/tiles-jsp-3.0.5.jar:lib/tiles-mvel-3.0.5.jar:lib/tiles-ognl-3.0.5.jar:lib/tiles-request-api-1.0.6.jar:lib/tiles-request-freemarker-1.0.6.jar:lib/tiles-request-jsp-1.0.6.jar:lib/tiles-request-mustache-1.0.6.jar:lib/tiles-request-servlet-1.0.6.jar:lib/tiles-request-servlet-wildcard-1.0.6.jar:lib/tiles-servlet-3.0.5.jar:lib/tiles-template-3.0.5.jar:lib/spring-aop-3.2.0.RELEASE.jar:lib/spring-aspects-3.2.0.RELEASE.jar:lib/spring-beans-3.2.0.RELEASE.jar:lib/spring-context-3.2.0.RELEASE.jar:lib/spring-context-support-3.2.0.RELEASE.jar:lib/spring-core-3.2.0.RELEASE.jar:lib/spring-expression-3.2.0.RELEASE.jar:lib/spring-jdbc-3.2.0.RELEASE.jar:lib/spring-orm-3.2.0.RELEASE.jar:lib/spring-security-config-3.1.0.RELEASE.jar:lib/spring-security-core-3.1.0.RELEASE.jar:lib/spring-security-taglibs-3.1.0.RELEASE.jar:lib/spring-security-web-3.1.0.RELEASE.jar:lib/spring-test-3.2.0.RELEASE.jar:lib/spring-tx-3.2.0.RELEASE.jar:lib/spring-web-3.2.0.RELEASE.jar:lib/spring-webmvc-3.2.0.RELEASE.jar:lib/ehcache-core-2.6.0.jar:lib/hibernate-ehcache-4.1.4.final.jar:lib/servlet-api.jar:lib/commons-dbcp-1.4.jar:lib/jaxb-api-2.2.jar:build/web/WEB-INF/classes:D:/Running Project/lms/lib/junit_4/junit-4.10.jar:build/test/classes" />
    <property name="libs.javaee-endorsed-api-6.0.classpath" value="D:/Running Project/lms/lib/javaee-endorsed-api-6.0/javax.annotation.jar;D:/Running Project/lms/lib/javaee-endorsed-api-6.0/jaxb-api-osgi.jar;D:/Running Project/lms/lib/javaee-endorsed-api-6.0/webservices-api-osgi.jar;D:/Running Project/lms/lib/javaee-endorsed-api-6.0/jstl-1.1.jar" />
    <property name="libs.javaee-api-6.0.src" value="" />
    <property name="file.reference.spring-security-core-3.1.0.RELEASE.jar" value="lib/spring-security-core-3.1.0.RELEASE.jar" />
    <property name="netbeans.importclass" value="org.netbeans.upgrade.AutoUpgrade" />
    <property name="ant.project.default-target" value="default" />
    <property name="annotation.processing.run.all.processors" value="true" />
    <property name="libs.toplink.maven-pom" value="" />
    <property name="libs.PostgreSQLDriver.javadoc" value="" />
    <property name="libs.restlib.classpath" value="C:\Program Files\NetBeans 7.1.2\enterprise\modules\ext\rest\asm-3.1.jar;C:\Program Files\NetBeans 7.1.2\enterprise\modules\ext\rest\jackson-core-asl-1.7.1.jar;C:\Program Files\NetBeans 7.1.2\enterprise\modules\ext\rest\jackson-jaxrs-1.7.1.jar;C:\Program Files\NetBeans 7.1.2\enterprise\modules\ext\rest\jackson-mapper-asl-1.7.1.jar;C:\Program Files\NetBeans 7.1.2\enterprise\modules\ext\rest\jackson-xc-1.7.1.jar;C:\Program Files\NetBeans 7.1.2\enterprise\modules\ext\rest\jersey-apache-client-1.8.jar;C:\Program Files\NetBeans 7.1.2\enterprise\modules\ext\rest\jersey-atom-abdera-1.8.jar;C:\Program Files\NetBeans 7.1.2\enterprise\modules\ext\rest\jersey-client-1.8.jar;C:\Program Files\NetBeans 7.1.2\enterprise\modules\ext\rest\jersey-core-1.8.jar;C:\Program Files\NetBeans 7.1.2\enterprise\modules\ext\rest\jersey-guice-1.8.jar;C:\Program Files\NetBeans 7.1.2\enterprise\modules\ext\rest\jersey-json-1.8.jar;C:\Program Files\NetBeans 7.1.2\enterprise\modules\ext\rest\jersey-multipart-1.8.jar;C:\Program Files\NetBeans 7.1.2\enterprise\modules\ext\rest\jersey-server-1.8.jar;C:\Program Files\NetBeans 7.1.2\enterprise\modules\ext\rest\jersey-simple-server-1.8.jar;C:\Program Files\NetBeans 7.1.2\enterprise\modules\ext\rest\jersey-spring-1.8.jar;C:\Program Files\NetBeans 7.1.2\enterprise\modules\ext\rest\jettison-1.1.jar;C:\Program Files\NetBeans 7.1.2\enterprise\modules\ext\rest\oauth-client-1.8.jar;C:\Program Files\NetBeans 7.1.2\enterprise\modules\ext\rest\oauth-server-1.8.jar;C:\Program Files\NetBeans 7.1.2\enterprise\modules\ext\rest\oauth-signature-1.8.jar;C:\Program Files\NetBeans 7.1.2\ide\modules\ext\jaxb\activation.jar;C:\Program Files\NetBeans 7.1.2\ide\modules\ext\jaxb\api\jaxb-api.jar;C:\Program Files\NetBeans 7.1.2\ide\modules\ext\jaxb\api\jsr173_api.jar" />
    <property name="libs.MySQLDriver.maven-pom" value="" />
    <property name="file.reference.tiles-ognl-3.0.5.jar" value="lib/tiles-ognl-3.0.5.jar" />
    <property name="libraries.dir.nativedirsep" value="D:\Running Project\lms\lib" />
    <property name="libs.junit_4.javadoc" value="D:/Running Project/lms/lib/junit_4/junit-4.10-javadoc.jar" />
    <property name="libs.spring-webmvc.javadoc" value="" />
    <property name="libs.toplink.src" value="" />
    <property name="libs.javaee-web-api-6.0.maven-pom" value="" />
    <property name="j2ee.deploy.on.save" value="false" />
    <property name="file.reference.jackson-annotations-2.0.0.jar" value="lib/jackson-annotations-2.0.0.jar" />
    <property name="libs.hibernate-support.src" value="" />
    <property name="libs.javaee-endorsed-api-6.0.javadoc" value="D:/Running Project/lms/lib/javaee-endorsed-api-6.0/javaee6-doc-api.zip" />
    <property name="libs.spring-webmvc3.0.javadoc" value="" />
    <property name="annotation.processing.enabled.in.editor" value="true" />
    <property name="file.reference.antlr-runtime-3.0.1.jar" value="lib\antlr-runtime-3.0.1.jar" />
    <property name="file.reference.commons-digester-2.1.jar" value="lib/commons-digester-2.1.jar" />
    <property name="libs.restapi.src" value="" />
    <property name="sun.management.compiler" value="HotSpot Client Compiler" />
    <property name="javac.deprecation" value="false" />
    <property name="javadoc.use" value="true" />
    <property name="client.urlPart" value="admin/adminLogin" />
    <property name="sun.java2d.noddraw" value="true" />
    <property name="libs.jsp-compiler.classpath" value="C:\Program Files\NetBeans 7.1.2\enterprise\ant\extra\jspcompile.jar" />
    <property name="dist.ear.war" value="dist/lms.war" />
    <property name="javac.processorpath" value="lib\hibernate-validator-4.1.0.Final.jar:lib\validation-api-1.1.0.Final.jar:lib/antlr-2.7.7.jar:lib\antlr-runtime-3.0.1.jar:lib/itext-2.1.7.jar:lib/commons-dbcp-1.2.2.jar:lib/jackson-dataformat-xml-2.1.0.jar:lib\commons-fileupload-1.2.2.jar:lib\commons-io-2.3.jar:lib\commons-logging-1.1.1.jar:lib\commons-pool-1.6.jar:lib\hibernate-commons-annotations-4.0.1.Final.jar:lib/dom4j-1.6.jar:lib\hibernate-entitymanager-4.1.4.Final.jar:lib\hibernate-jpa-2.0-api-1.0.1.Final.jar:lib\javassist-3.15.0-GA.jar:lib\jboss-logging-3.1.0.GA.jar:lib\jboss-transaction-api_1.1_spec-1.0.0.Final.jar:lib\mail.jar:lib\slf4j-api-1.6.4.jar:lib\slf4j-simple-1.6.4.jar:lib/aopalliance-1.0.jar:lib/cglib-nodep-2.1.3.jar:lib/aspectjrt-1.6.8.jar:lib/aspectjweaver-1.6.8.jar:lib/spring-security-config-3.1.0.RELEASE.jar:lib/spring-security-core-3.1.0.RELEASE.jar:lib/spring-security-taglibs-3.1.0.RELEASE.jar:lib/spring-security-web-3.1.0.RELEASE.jar:lib\hibernate-core-4.1.4.Final.jar:lib\jstl-1.2.jar:lib/jasperreports-5.1.0.jar.zip:lib/javax.annotation.jar.zip:lib/mysql-connector-java-5.1.13-bin.jar:lib/commons-javaflow-20060411.jar:lib/jdt-compiler-3.1.1.jar:lib/xmlbeans-2.3.0.jar:lib/org-netbeans-core_ireport.jar:lib/antlr-2.7.7.jar:lib/asm-attrs.jar:lib/asm.jar:lib/barbecue-1.5-beta1.jar:lib/barcode4j-2.0.jar:lib/batik-anim.jar:lib/cglib-2.1.jar:lib/cincom-jr-xmla.jar:lib/commons-beanutils-1.8.2.jar:lib/commons-collections-3.2.1.jar:lib/commons-logging-api-1.1.1.jar:lib/jasper-compiler-jdt.jar:lib/commons-lang3-3.1.jar:lib/commons-digester-2.1.jar:lib/jasperreports-fonts-5.1.0.jar:lib/jasperreports-javaflow-5.1.0.jar:lib/jackson-annotations-2.1.4.jar:lib/jackson-core-2.1.4.jar:lib/jackson-databind-2.1.4.jar:lib/jackson-annotations-2.0.0.jar:lib/ehcache-spring-annotations-1.2.0.jar:lib/tiles-api-3.0.5.jar:lib/tiles-autotag-core-runtime-1.1.0.jar:lib/tiles-compat-3.0.5.jar:lib/tiles-core-3.0.5.jar:lib/tiles-el-3.0.5.jar:lib/tiles-extras-3.0.5.jar:lib/tiles-freemarker-3.0.5.jar:lib/tiles-jsp-3.0.5.jar:lib/tiles-mvel-3.0.5.jar:lib/tiles-ognl-3.0.5.jar:lib/tiles-request-api-1.0.6.jar:lib/tiles-request-freemarker-1.0.6.jar:lib/tiles-request-jsp-1.0.6.jar:lib/tiles-request-mustache-1.0.6.jar:lib/tiles-request-servlet-1.0.6.jar:lib/tiles-request-servlet-wildcard-1.0.6.jar:lib/tiles-servlet-3.0.5.jar:lib/tiles-template-3.0.5.jar:lib/spring-aop-3.2.0.RELEASE.jar:lib/spring-aspects-3.2.0.RELEASE.jar:lib/spring-beans-3.2.0.RELEASE.jar:lib/spring-context-3.2.0.RELEASE.jar:lib/spring-context-support-3.2.0.RELEASE.jar:lib/spring-core-3.2.0.RELEASE.jar:lib/spring-expression-3.2.0.RELEASE.jar:lib/spring-jdbc-3.2.0.RELEASE.jar:lib/spring-orm-3.2.0.RELEASE.jar:lib/spring-security-config-3.1.0.RELEASE.jar:lib/spring-security-core-3.1.0.RELEASE.jar:lib/spring-security-taglibs-3.1.0.RELEASE.jar:lib/spring-security-web-3.1.0.RELEASE.jar:lib/spring-test-3.2.0.RELEASE.jar:lib/spring-tx-3.2.0.RELEASE.jar:lib/spring-web-3.2.0.RELEASE.jar:lib/spring-webmvc-3.2.0.RELEASE.jar:lib/ehcache-core-2.6.0.jar:lib/hibernate-ehcache-4.1.4.final.jar:lib/servlet-api.jar:lib/commons-dbcp-1.4.jar:lib/jaxb-api-2.2.jar" />
    <property name="libs.spring-webmvc.classpath" value="C:\Program Files\NetBeans 7.1.2\enterprise\modules\ext\spring\spring-webmvc-2.5.6.SEC03.jar" />
    <property name="javac.compilerargs" value="" />
    <property name="ant.file" value="D:\Running Project\lms\build.xml" />
    <property name="libs.beans-binding.maven-pom" value="" />
    <property name="file.reference.tiles-autotag-core-runtime-1.1.0.jar" value="lib/tiles-autotag-core-runtime-1.1.0.jar" />
    <property name="libs.jsf12.classpath" value="C:\Program Files\NetBeans 7.1.2\enterprise\modules\ext\jsf-1_2\commons-beanutils.jar;C:\Program Files\NetBeans 7.1.2\enterprise\modules\ext\jsf-1_2\commons-collections.jar;C:\Program Files\NetBeans 7.1.2\enterprise\modules\ext\jsf-1_2\commons-digester.jar;C:\Program Files\NetBeans 7.1.2\enterprise\modules\ext\jsf-1_2\commons-logging.jar;C:\Program Files\NetBeans 7.1.2\enterprise\modules\ext\jsf-1_2\jsf-api.jar;C:\Program Files\NetBeans 7.1.2\enterprise\modules\ext\jsf-1_2\jsf-impl.jar" />
    <property name="file.reference.mysql-connector-java-5.1.13-bin.jar" value="lib/mysql-connector-java-5.1.13-bin.jar" />
    <property name="file.reference.dom4j-1.6.jar" value="lib/dom4j-1.6.jar" />
    <property name="file.reference.spring-tx-3.2.0.RELEASE.jar" value="lib/spring-tx-3.2.0.RELEASE.jar" />
    <property name="has.custom.manifest" value="true" />
    <property name="libs.restapi.maven-pom" value="" />
    <property name="libs.beans-binding.src" value="" />
    <property name="java.vm.specification.vendor" value="Sun Microsystems Inc." />
    <property name="libs.swing-layout.src" value="C:\Program Files\NetBeans 7.1.2\platform\docs\swing-layout-1.0.4-src.zip" />
    <property name="org.openide.major.version" value="IDE/1" />
    <property name="java.vm.name" value="Java HotSpot(TM) Client VM" />
    <property name="do.display.browser.debug" value="true" />
    <property name="file.reference.jboss-logging-3.1.0.GA.jar" value="lib\jboss-logging-3.1.0.GA.jar" />
    <property name="netbeans.user" value="C:\Users\Ashutosh\.netbeans\7.1.2" />
    <property name="javadoc.additionalparam" value="" />
    <property name="java.io.tmpdir" value="C:\Users\Ashutosh\AppData\Local\Temp\" />
    <property name="java.vendor.url" value="http://java.sun.com/" />
    <property name="endorsed.classpath.cmd.line.arg" value="-Xbootclasspath/p:&apos;D:\Running Project\lms\lib\javaee-endorsed-api-6.0\javax.annotation.jar;D:\Running Project\lms\lib\javaee-endorsed-api-6.0\jaxb-api-osgi.jar;D:\Running Project\lms\lib\javaee-endorsed-api-6.0\webservices-api-osgi.jar;D:\Running Project\lms\lib\javaee-endorsed-api-6.0\jstl-1.1.jar&apos;" />
    <property name="file.reference.tiles-request-servlet-wildcard-1.0.6.jar" value="lib/tiles-request-servlet-wildcard-1.0.6.jar" />
    <property name="libraries.basename" value="nblibraries" />
    <property name="compile.jsps" value="false" />
    <property name="libs.jsp-compiler.src" value="" />
    <property name="org.openide.awt.ActionReference.completion" value="org.netbeans.modules.apisupport.project.layers.PathCompletions" />
    <property name="deploy.ant.properties.file" value="C:\Users\Ashutosh\.netbeans\7.1.2\tomcat70.properties" />
    <property name="sun.boot.library.path" value="C:\Program Files\Java\jdk1.6.0_07\jre\bin" />
    <property name="have.sources" value="true" />
    <property name="debug.classpath" value="build/web/WEB-INF/classes:lib\hibernate-validator-4.1.0.Final.jar:lib\validation-api-1.1.0.Final.jar:lib/antlr-2.7.7.jar:lib\antlr-runtime-3.0.1.jar:lib/itext-2.1.7.jar:lib/commons-dbcp-1.2.2.jar:lib/jackson-dataformat-xml-2.1.0.jar:lib\commons-fileupload-1.2.2.jar:lib\commons-io-2.3.jar:lib\commons-logging-1.1.1.jar:lib\commons-pool-1.6.jar:lib\hibernate-commons-annotations-4.0.1.Final.jar:lib/dom4j-1.6.jar:lib\hibernate-entitymanager-4.1.4.Final.jar:lib\hibernate-jpa-2.0-api-1.0.1.Final.jar:lib\javassist-3.15.0-GA.jar:lib\jboss-logging-3.1.0.GA.jar:lib\jboss-transaction-api_1.1_spec-1.0.0.Final.jar:lib\mail.jar:lib\slf4j-api-1.6.4.jar:lib\slf4j-simple-1.6.4.jar:lib/aopalliance-1.0.jar:lib/cglib-nodep-2.1.3.jar:lib/aspectjrt-1.6.8.jar:lib/aspectjweaver-1.6.8.jar:lib/spring-security-config-3.1.0.RELEASE.jar:lib/spring-security-core-3.1.0.RELEASE.jar:lib/spring-security-taglibs-3.1.0.RELEASE.jar:lib/spring-security-web-3.1.0.RELEASE.jar:lib\hibernate-core-4.1.4.Final.jar:lib\jstl-1.2.jar:lib/jasperreports-5.1.0.jar.zip:lib/javax.annotation.jar.zip:lib/mysql-connector-java-5.1.13-bin.jar:lib/commons-javaflow-20060411.jar:lib/jdt-compiler-3.1.1.jar:lib/xmlbeans-2.3.0.jar:lib/org-netbeans-core_ireport.jar:lib/antlr-2.7.7.jar:lib/asm-attrs.jar:lib/asm.jar:lib/barbecue-1.5-beta1.jar:lib/barcode4j-2.0.jar:lib/batik-anim.jar:lib/cglib-2.1.jar:lib/cincom-jr-xmla.jar:lib/commons-beanutils-1.8.2.jar:lib/commons-collections-3.2.1.jar:lib/commons-logging-api-1.1.1.jar:lib/jasper-compiler-jdt.jar:lib/commons-lang3-3.1.jar:lib/commons-digester-2.1.jar:lib/jasperreports-fonts-5.1.0.jar:lib/jasperreports-javaflow-5.1.0.jar:lib/jackson-annotations-2.1.4.jar:lib/jackson-core-2.1.4.jar:lib/jackson-databind-2.1.4.jar:lib/jackson-annotations-2.0.0.jar:lib/ehcache-spring-annotations-1.2.0.jar:lib/tiles-api-3.0.5.jar:lib/tiles-autotag-core-runtime-1.1.0.jar:lib/tiles-compat-3.0.5.jar:lib/tiles-core-3.0.5.jar:lib/tiles-el-3.0.5.jar:lib/tiles-extras-3.0.5.jar:lib/tiles-freemarker-3.0.5.jar:lib/tiles-jsp-3.0.5.jar:lib/tiles-mvel-3.0.5.jar:lib/tiles-ognl-3.0.5.jar:lib/tiles-request-api-1.0.6.jar:lib/tiles-request-freemarker-1.0.6.jar:lib/tiles-request-jsp-1.0.6.jar:lib/tiles-request-mustache-1.0.6.jar:lib/tiles-request-servlet-1.0.6.jar:lib/tiles-request-servlet-wildcard-1.0.6.jar:lib/tiles-servlet-3.0.5.jar:lib/tiles-template-3.0.5.jar:lib/spring-aop-3.2.0.RELEASE.jar:lib/spring-aspects-3.2.0.RELEASE.jar:lib/spring-beans-3.2.0.RELEASE.jar:lib/spring-context-3.2.0.RELEASE.jar:lib/spring-context-support-3.2.0.RELEASE.jar:lib/spring-core-3.2.0.RELEASE.jar:lib/spring-expression-3.2.0.RELEASE.jar:lib/spring-jdbc-3.2.0.RELEASE.jar:lib/spring-orm-3.2.0.RELEASE.jar:lib/spring-security-config-3.1.0.RELEASE.jar:lib/spring-security-core-3.1.0.RELEASE.jar:lib/spring-security-taglibs-3.1.0.RELEASE.jar:lib/spring-security-web-3.1.0.RELEASE.jar:lib/spring-test-3.2.0.RELEASE.jar:lib/spring-tx-3.2.0.RELEASE.jar:lib/spring-web-3.2.0.RELEASE.jar:lib/spring-webmvc-3.2.0.RELEASE.jar:lib/ehcache-core-2.6.0.jar:lib/hibernate-ehcache-4.1.4.final.jar:lib/servlet-api.jar:lib/commons-dbcp-1.4.jar:lib/jaxb-api-2.2.jar" />
    <property name="war.name" value="lms.war" />
    <property name="javadoc.private" value="false" />
    <property name="file.reference.jasperreports-javaflow-5.1.0.jar" value="lib/jasperreports-javaflow-5.1.0.jar" />
    <property name="test.src.dir" value="test" />
    <property name="libs.jsf20.classpath" value="C:\Program Files\NetBeans 7.1.2\enterprise\modules\ext\jsf-2_1\jsf-api.jar;C:\Program Files\NetBeans 7.1.2\enterprise\modules\ext\jsf-2_1\jsf-impl.jar" />
    <property name="ap.processors.internal" value="" />
    <property name="file.reference.tiles-mvel-3.0.5.jar" value="lib/tiles-mvel-3.0.5.jar" />
    <property name="javadoc.encoding.used" value="UTF-8" />
    <property name="file.reference.commons-dbcp-1.2.2.jar" value="lib/commons-dbcp-1.2.2.jar" />
    <property name="java.runtime.name" value="Java(TM) SE Runtime Environment" />
    <property name="ant.project.name" value="lms" />
    <property name="file.reference.validation-api-1.1.0.Final.jar" value="lib\validation-api-1.1.0.Final.jar" />
    <property name="file.reference.hibernate-entitymanager-4.1.4.Final.jar" value="lib\hibernate-entitymanager-4.1.4.Final.jar" />
    <property name="netbeans.hash.code" value="unique=NB_JAVA_TOMCAT_WEBEE0ab5206c6-d6f2-4b3d-9890-0e47fa3d667c_93832b40-b6be-4415-8d76-a724b4d2da7e" />
    <property name="libs.jsp-compilation-syscp.maven-pom" value="" />
    <property name="sun.cpu.isalist" value="pentium_pro+mmx pentium_pro pentium+mmx pentium i486 i386 i86" />
    <property name="file.reference.jackson-dataformat-xml-2.1.0.jar" value="lib/jackson-dataformat-xml-2.1.0.jar" />
    <property name="libs.CopyLibs.javadoc" value="" />
    <property name="file.reference.spring-test-3.2.0.RELEASE.jar" value="lib/spring-test-3.2.0.RELEASE.jar" />
    <property name="j2ee.server.domain" value="C:/Users/Ashutosh/.netbeans/7.1.2/apache-tomcat-7.0.22.0_base" />
    <property name="org.openide.specification.version" value="6.2" />
    <property name="j2ee.server.home" value="C:/Program Files/Apache Software Foundation/Apache Tomcat 7.0.22" />
    <property name="file.reference.itext-2.1.7.jar" value="lib/itext-2.1.7.jar" />
    <property name="libs.hibernate-support.classpath" value="C:\Program Files\NetBeans 7.1.2\java\modules\ext\hibernate\antlr-2.7.6.jar;C:\Program Files\NetBeans 7.1.2\java\modules\ext\hibernate\asm.jar;C:\Program Files\NetBeans 7.1.2\java\modules\ext\hibernate\asm-attrs.jar;C:\Program Files\NetBeans 7.1.2\java\modules\ext\hibernate\cglib-2.1.3.jar;C:\Program Files\NetBeans 7.1.2\java\modules\ext\hibernate\commons-collections-2.1.1.jar;C:\Program Files\NetBeans 7.1.2\ide\modules\org-apache-commons-logging.jar;C:\Program Files\NetBeans 7.1.2\java\modules\ext\hibernate\dom4j-1.6.1.jar;C:\Program Files\NetBeans 7.1.2\java\modules\ext\hibernate\ehcache-1.2.3.jar;C:\Program Files\NetBeans 7.1.2\java\modules\ext\hibernate\jdbc2_0-stdext.jar;C:\Program Files\NetBeans 7.1.2\java\modules\ext\hibernate\jta.jar;C:\Program Files\NetBeans 7.1.2\java\modules\ext\hibernate\hibernate3.jar;C:\Program Files\NetBeans 7.1.2\java\modules\ext\hibernate\hibernate-tools.jar;C:\Program Files\NetBeans 7.1.2\java\modules\ext\hibernate\hibernate-annotations.jar;C:\Program Files\NetBeans 7.1.2\java\modules\ext\hibernate\hibernate-commons-annotations.jar;C:\Program Files\NetBeans 7.1.2\java\modules\ext\hibernate\hibernate-entitymanager.jar;C:\Program Files\NetBeans 7.1.2\java\modules\ext\hibernate\javassist.jar" />
    <property name="user.home" value="C:\Users\Ashutosh" />
    <property name="file.reference.spring-jdbc-3.2.0.RELEASE.jar" value="lib/spring-jdbc-3.2.0.RELEASE.jar" />
    <property name="annotation.processing.processors.list" value="" />
    <property name="debug-args-line" value="-Xdebug" />
    <property name="file.reference.javassist-3.15.0-GA.jar" value="lib\javassist-3.15.0-GA.jar" />
    <property name="libs.primefaces.maven-pom" value="" />
    <property name="sun.zip.disableMemoryMapping" value="true" />
    <property name="libs.javaee-api-6.0.maven-pom" value="" />
    <property name="file.reference.ehcache-spring-annotations-1.2.0.jar" value="lib/ehcache-spring-annotations-1.2.0.jar" />
    <property name="libs.JWSAntTasks.src" value="" />
    <property name="libs.CopyLibs.maven-pom" value="" />
    <property name="libs.spring-framework300.javadoc" value="" />
    <property name="libs.absolutelayout.javadoc" value="" />
    <property name="libs.hibernate-persistence.maven-pom" value="" />
    <property name="guice.disable.misplaced.annotation.check" value="true" />
    <property name="java.specification.name" value="Java Platform API Specification" />
    <property name="file.reference.tiles-request-freemarker-1.0.6.jar" value="lib/tiles-request-freemarker-1.0.6.jar" />
    <property name="no.dist.ear.dir" value="true" />
    <property name="libraries.dir" value="D:/Running Project/lms/lib" />
    <property name="file.reference.tiles-api-3.0.5.jar" value="lib/tiles-api-3.0.5.jar" />
    <property name="java.specification.vendor" value="Sun Microsystems Inc." />
    <property name="libs.javac-api.classpath" value="C:\Program Files\NetBeans 7.1.2\java\modules\ext\javac-api-nb-7.0-b07.jar" />
    <property name="java.version" value="1.6.0_07" />
    <property name="javadoc.version" value="false" />
    <property name="libs.MySQLDriver.javadoc" value="" />
    <property name="org.openide.version" value="deprecated" />
    <property name="source.encoding" value="UTF-8" />
    <property name="ap.cmd.line.internal" value="" />
    <property name="ant.file.type.lms" value="file" />
    <property name="libs.eclipselinkmodelgen.maven-pom" value="" />
    <property name="libs.jsp-compilation-syscp.javadoc" value="" />
    <property name="file.reference.jboss-transaction-api_1.1_spec-1.0.0.Final.jar" value="lib\jboss-transaction-api_1.1_spec-1.0.0.Final.jar" />
    <property name="libs.junit.maven-pom" value="" />
    <property name="file.reference.commons-pool-1.6.jar" value="lib\commons-pool-1.6.jar" />
    <property name="libs.eclipselinkmodelgen.javadoc" value="" />
    <property name="libs.metro.javadoc" value="C:\Program Files\NetBeans 7.1.2\enterprise\docs\metro-1.4-doc.zip" />
    <property name="libs.struts.maven-pom" value="" />
    <property name="netbeans.home+have.tests" value="true" />
    <property name="libs.jaxb.src" value="" />
    <property name="file.reference.hibernate-jpa-2.0-api-1.0.1.Final.jar" value="lib\hibernate-jpa-2.0-api-1.0.1.Final.jar" />
    <property name="file.reference.tiles-compat-3.0.5.jar" value="lib/tiles-compat-3.0.5.jar" />
    <property name="libs.jasireport.displayName" value="jasireport" />
    <property name="libs.jaxb.classpath" value="C:\Program Files\NetBeans 7.1.2\ide\modules\ext\jaxb\jaxb-impl.jar;C:\Program Files\NetBeans 7.1.2\ide\modules\ext\jaxb\jaxb-xjc.jar;C:\Program Files\NetBeans 7.1.2\ide\modules\ext\jaxb\jaxb1-impl.jar;C:\Program Files\NetBeans 7.1.2\ide\modules\ext\jaxb\activation.jar;C:\Program Files\NetBeans 7.1.2\ide\modules\ext\jaxb\api\jaxb-api.jar;C:\Program Files\NetBeans 7.1.2\ide\modules\ext\jaxb\api\jsr173_api.jar" />
    <property name="file.reference.hibernate-validator-4.1.0.Final.jar" value="lib\hibernate-validator-4.1.0.Final.jar" />
    <property name="dist.javadoc.dir" value="dist/javadoc" />
    <property name="libs.swing-layout.classpath" value="C:\Program Files\NetBeans 7.1.2\platform\modules\ext\swing-layout-1.0.4.jar" />
    <property name="libs.spring-webmvc3.0.classpath" value="C:\Program Files\NetBeans 7.1.2\java\modules\ext\spring-3.0\spring-webmvc-3.0.6.RELEASE.jar" />
    <property name="file.reference.servlet-api.jar" value="lib/servlet-api.jar" />
    <property name="jspc.dtds" value="/resources/dtds/" />
    <property name="libs.restlib.src" value="" />
    <property name="file.reference.spring-web-3.2.0.RELEASE.jar" value="lib/spring-web-3.2.0.RELEASE.jar" />
    <property name="javac.source" value="1.6" />
    <property name="build.generated.dir" value="build/generated" />
    <property name="line.separator" value="&#xd;&#xa;" />
    <property name="libs.hibernate-persistence.src" value="" />
    <property name="java.specification.version" value="1.6" />
    <property name="libraries.path" value="D:\Running Project\lms\lib\nblibraries.properties" />
    <property name="java.vm.info" value="mixed mode" />
    <property name="libs.jaxws21.maven-pom" value="" />
    <property name="file.reference.tiles-template-3.0.5.jar" value="lib/tiles-template-3.0.5.jar" />
    <property name="file.reference.commons-dbcp-1.4.jar" value="lib/commons-dbcp-1.4.jar" />
    <property name="file.reference.tiles-extras-3.0.5.jar" value="lib/tiles-extras-3.0.5.jar" />
    <property name="libs.spring-framework.maven-pom" value="" />
    <property name="sun.boot.class.path" value="C:\Program Files\Java\jdk1.6.0_07\jre\lib\resources.jar;C:\Program Files\Java\jdk1.6.0_07\jre\lib\rt.jar;C:\Program Files\Java\jdk1.6.0_07\jre\lib\sunrsasign.jar;C:\Program Files\Java\jdk1.6.0_07\jre\lib\jsse.jar;C:\Program Files\Java\jdk1.6.0_07\jre\lib\jce.jar;C:\Program Files\Java\jdk1.6.0_07\jre\lib\charsets.jar;C:\Program Files\Java\jdk1.6.0_07\jre\classes" />
    <property name="javac.target" value="1.6" />
    <property name="libs.javaee-endorsed-api-6.0.displayName" value="Java EE 6 Endorsed API Library" />
    <property name="file.reference.tiles-freemarker-3.0.5.jar" value="lib/tiles-freemarker-3.0.5.jar" />
    <property name="build.test.classes.dir" value="build/test/classes" />
    <property name="src.dir" value="src/java" />
    <property name="sun.awt.keepWorkingSetOnMinimize" value="true" />
    <property name="annotation.processing.enabled" value="true" />
    <property name="libs.jsf20.src" value="" />
    <property name="libs.jsf12.src" value="" />
    <property name="j2ee.platform" value="1.6-web" />
    <property name="libs.struts.javadoc" value="C:\Program Files\NetBeans 7.1.2\enterprise\docs\struts-1.3.10-javadoc.zip" />
    <property name="file.reference.spring-beans-3.2.0.RELEASE.jar" value="lib/spring-beans-3.2.0.RELEASE.jar" />
    <property name="web.docbase.dir" value="web" />
    <property name="libs.primefaces.src" value="" />
    <property name="file.reference.jackson-annotations-2.1.4.jar" value="lib/jackson-annotations-2.1.4.jar" />
    <property name="dist.dir" value="dist" />
    <property name="javac.fork" value="true" />
    <property name="java.awt.printerjob" value="sun.awt.windows.WPrinterJob" />
    <property name="default.javac.source" value="1.6" />
    <property name="debug-transport-by-os" value="dt_shmem" />
    <property name="sun.jnu.encoding" value="Cp1252" />
    <property name="libs.MySQLDriver.src" value="" />
    <property name="libs.jasper.displayName" value="jasper" />
    <property name="file.reference.antlr-2.7.7.jar" value="lib/antlr-2.7.7.jar" />
    <property name="java.runtime.version" value="1.6.0_07-b06" />
    <property name="build.test.results.dir" value="build/test/results" />
    <property name="libs.ejb3-persistence.javadoc" value="" />
    <property name="default.javac.target" value="1.6" />
    <property name="libs.junit_4.classpath" value="D:/Running Project/lms/lib/junit_4/junit-4.10.jar" />
    <property name="user.timezone" value="America/Los_Angeles" />
    <property name="file.reference.spring-webmvc-3.2.0.RELEASE.jar" value="lib/spring-webmvc-3.2.0.RELEASE.jar" />
    <property name="libs.junit_4.displayName" value="JUnit 4.10" />
    <property name="libs.javaee-endorsed-api-6.0.maven-pom" value="" />
    <property name="netbeans.dirs" value="C:\Program Files\NetBeans 7.1.2\nb;C:\Program Files\NetBeans 7.1.2\ergonomics;C:\Program Files\NetBeans 7.1.2\ide;C:\Program Files\NetBeans 7.1.2\java;C:\Program Files\NetBeans 7.1.2\apisupport;C:\Program Files\NetBeans 7.1.2\webcommon;C:\Program Files\NetBeans 7.1.2\websvccommon;C:\Program Files\NetBeans 7.1.2\enterprise;C:\Program Files\NetBeans 7.1.2\mobility;C:\Program Files\NetBeans 7.1.2\profiler;C:\Program Files\NetBeans 7.1.2\python;C:\Program Files\NetBeans 7.1.2\php;C:\Program Files\NetBeans 7.1.2\identity;C:\Program Files\NetBeans 7.1.2\harness;C:\Program Files\NetBeans 7.1.2\cnd;C:\Program Files\NetBeans 7.1.2\dlight;C:\Program Files\NetBeans 7.1.2\groovy;C:\Program Files\NetBeans 7.1.2\extra;C:\Program Files\NetBeans 7.1.2\javacard;C:\Program Files\NetBeans 7.1.2\javafx" />
    <property name="file.reference.spring-expression-3.2.0.RELEASE.jar" value="lib/spring-expression-3.2.0.RELEASE.jar" />
    <property name="libs.jsf20.javadoc" value="C:\Program Files\NetBeans 7.1.2\enterprise\docs\javaee6-doc-api.zip" />
    <property name="java.ext.dirs" value="C:\Program Files\Java\jdk1.6.0_07\jre\lib\ext;C:\Windows\Sun\Java\lib\ext" />
    <property name="file.reference.asm-attrs.jar" value="lib/asm-attrs.jar" />
    <property name="libs.metro.src" value="" />
    <property name="endorsed.classpath" value="D:/Running Project/lms/lib/javaee-endorsed-api-6.0/javax.annotation.jar;D:/Running Project/lms/lib/javaee-endorsed-api-6.0/jaxb-api-osgi.jar;D:/Running Project/lms/lib/javaee-endorsed-api-6.0/webservices-api-osgi.jar;D:/Running Project/lms/lib/javaee-endorsed-api-6.0/jstl-1.1.jar" />
    <property name="libs.absolutelayout.classpath" value="C:\Program Files\NetBeans 7.1.2\java\modules\ext\AbsoluteLayout.jar" />
    <property name="excludes" value="" />
    <property name="libs.restlib.maven-pom" value="" />
    <property name="libs.metro.classpath" value="C:\Program Files\NetBeans 7.1.2\ide\modules\ext\jaxb\activation.jar;C:\Program Files\NetBeans 7.1.2\enterprise\modules\ext\metro\webservices-api.jar;C:\Program Files\NetBeans 7.1.2\enterprise\modules\ext\metro\webservices-extra-api.jar;C:\Program Files\NetBeans 7.1.2\enterprise\modules\ext\metro\webservices-extra.jar;C:\Program Files\NetBeans 7.1.2\enterprise\modules\ext\metro\webservices-rt.jar;C:\Program Files\NetBeans 7.1.2\enterprise\modules\ext\metro\webservices-tools.jar" />
    <property name="file.reference.jackson-core-2.1.4.jar" value="lib/jackson-core-2.1.4.jar" />
    <property name="java.class.path" value="C:\Program Files\Java\jdk1.6.0_07\lib\dt.jar;C:\Program Files\Java\jdk1.6.0_07\lib\htmlconverter.jar;C:\Program Files\Java\jdk1.6.0_07\lib\jconsole.jar;C:\Program Files\Java\jdk1.6.0_07\lib\tools.jar;C:\Program Files\NetBeans 7.1.2\java\ant\lib\ant-antlr.jar;C:\Program Files\NetBeans 7.1.2\java\ant\lib\ant-apache-bcel.jar;C:\Program Files\NetBeans 7.1.2\java\ant\lib\ant-apache-bsf.jar;C:\Program Files\NetBeans 7.1.2\java\ant\lib\ant-apache-log4j.jar;C:\Program Files\NetBeans 7.1.2\java\ant\lib\ant-apache-oro.jar;C:\Program Files\NetBeans 7.1.2\java\ant\lib\ant-apache-regexp.jar;C:\Program Files\NetBeans 7.1.2\java\ant\lib\ant-apache-resolver.jar;C:\Program Files\NetBeans 7.1.2\java\ant\lib\ant-apache-xalan2.jar;C:\Program Files\NetBeans 7.1.2\java\ant\lib\ant-commons-logging.jar;C:\Program Files\NetBeans 7.1.2\java\ant\lib\ant-commons-net.jar;C:\Program Files\NetBeans 7.1.2\java\ant\lib\ant-jai.jar;C:\Program Files\NetBeans 7.1.2\java\ant\lib\ant-javamail.jar;C:\Program Files\NetBeans 7.1.2\java\ant\lib\ant-jdepend.jar;C:\Program Files\NetBeans 7.1.2\java\ant\lib\ant-jmf.jar;C:\Program Files\NetBeans 7.1.2\java\ant\lib\ant-jsch.jar;C:\Program Files\NetBeans 7.1.2\java\ant\lib\ant-junit.jar;C:\Program Files\NetBeans 7.1.2\java\ant\lib\ant-junit4.jar;C:\Program Files\NetBeans 7.1.2\java\ant\lib\ant-launcher.jar;C:\Program Files\NetBeans 7.1.2\java\ant\lib\ant-netrexx.jar;C:\Program Files\NetBeans 7.1.2\java\ant\lib\ant-swing.jar;C:\Program Files\NetBeans 7.1.2\java\ant\lib\ant-testutil.jar;C:\Program Files\NetBeans 7.1.2\java\ant\lib\ant.jar;C:\Program Files\NetBeans 7.1.2\ide\modules\com-jcraft-jsch.jar;C:\Program Files\NetBeans 7.1.2\ide\modules\com-jcraft-jzlib.jar;C:\Program Files\NetBeans 7.1.2\ide\modules\ext\commons-net-3.0.1.jar" />
    <property name="apple.laf.useScreenMenuBar" value="true" />
    <property name="file.reference.commons-javaflow-20060411.jar" value="lib/commons-javaflow-20060411.jar" />
    <property name="file.reference.mail.jar" value="lib\mail.jar" />
    <property name="file.reference.spring-aop-3.2.0.RELEASE.jar" value="lib/spring-aop-3.2.0.RELEASE.jar" />
    <property name="libs.absolutelayout.src" value="" />
    <property name="ant.file.type.lms-impl" value="file" />
    <property name="j2ee.server.type" value="Tomcat" />
    <property name="os.version" value="6.1" />
    <property name="ant.file.lms-impl" value="D:\Running Project\lms\nbproject\build-impl.xml" />
    <property name="libs.toplink.javadoc" value="" />
    <property name="sun.desktop" value="windows" />
    <property name="file.reference.tiles-jsp-3.0.5.jar" value="lib/tiles-jsp-3.0.5.jar" />
    <property name="file.reference.commons-io-2.3.jar" value="lib\commons-io-2.3.jar" />
    <property name="libs.restlib.javadoc" value="C:\Program Files\NetBeans 7.1.2\enterprise\docs\jersey-1.8-javadoc.zip;C:\Program Files\NetBeans 7.1.2\enterprise\docs\jersey-apache-client-1.8-javadoc.zip;C:\Program Files\NetBeans 7.1.2\enterprise\docs\jersey-atom-abdera-1.8-javadoc.zip;C:\Program Files\NetBeans 7.1.2\enterprise\docs\jersey-guice-1.8-javadoc.zip;C:\Program Files\NetBeans 7.1.2\enterprise\docs\jersey-multipart-1.8-javadoc.zip;C:\Program Files\NetBeans 7.1.2\enterprise\docs\jersey-simple-server-1.8-javadoc.zip;C:\Program Files\NetBeans 7.1.2\enterprise\docs\jersey-spring-1.8-javadoc.zip;C:\Program Files\NetBeans 7.1.2\enterprise\docs\oauth-client-1.8-javadoc.zip;C:\Program Files\NetBeans 7.1.2\enterprise\docs\oauth-server-1.8-javadoc.zip;C:\Program Files\NetBeans 7.1.2\enterprise\docs\oauth-signature-1.8-javadoc.zip" />
    <property name="war.content.additional" value="" />
    <property name="j2ee.platform.embeddableejb.classpath" value="" />
    <property name="libs.JAXB-ENDORSED.classpath" value="C:\Program Files\NetBeans 7.1.2\ide\modules\ext\jaxb\api\jaxb-api.jar" />
    <property name="forceRedeploy" value="false" />
    <property name="libs.eclipselink.classpath" value="C:\Program Files\NetBeans 7.1.2\java\modules\ext\eclipselink\eclipselink-2.3.0.jar;C:\Program Files\NetBeans 7.1.2\java\modules\ext\eclipselink\javax.persistence-2.0.jar;C:\Program Files\NetBeans 7.1.2\java\modules\ext\eclipselink\org.eclipse.persistence.jpa.jpql_1.0.0.jar" />
    <property name="java.awt.graphicsenv" value="sun.awt.Win32GraphicsEnvironment" />
    <property name="file.reference.org-netbeans-core_ireport.jar" value="lib/org-netbeans-core_ireport.jar" />
    <property name="libs.beans-binding.javadoc" value="C:\Program Files\NetBeans 7.1.2\java\docs\beansbinding-1.2.1-doc.zip" />
    <property name="libs.junit.displayName" value="JUnit 3.8.2" />
    <property name="java.vm.vendor" value="Sun Microsystems Inc." />
    <property name="libs.CopyLibs.classpath" value="D:/Running Project/lms/lib/CopyLibs/org-netbeans-modules-java-j2seproject-copylibstask.jar" />
    <property name="libs.spring-framework300.classpath" value="C:\Program Files\NetBeans 7.1.2\ide\modules\org-apache-commons-logging.jar;C:\Program Files\NetBeans 7.1.2\java\modules\ext\cglib-2.2.jar;C:\Program Files\NetBeans 7.1.2\java\modules\ext\spring-3.0\spring-aop-3.0.6.RELEASE.jar;C:\Program Files\NetBeans 7.1.2\java\modules\ext\spring-3.0\spring-asm-3.0.6.RELEASE.jar;C:\Program Files\NetBeans 7.1.2\java\modules\ext\spring-3.0\spring-aspects-3.0.6.RELEASE.jar;C:\Program Files\NetBeans 7.1.2\java\modules\ext\spring-3.0\spring-beans-3.0.6.RELEASE.jar;C:\Program Files\NetBeans 7.1.2\java\modules\ext\spring-3.0\spring-context-3.0.6.RELEASE.jar;C:\Program Files\NetBeans 7.1.2\java\modules\ext\spring-3.0\spring-context-support-3.0.6.RELEASE.jar;C:\Program Files\NetBeans 7.1.2\java\modules\ext\spring-3.0\spring-core-3.0.6.RELEASE.jar;C:\Program Files\NetBeans 7.1.2\java\modules\ext\spring-3.0\spring-expression-3.0.6.RELEASE.jar;C:\Program Files\NetBeans 7.1.2\java\modules\ext\spring-3.0\spring-instrument-3.0.6.RELEASE.jar;C:\Program Files\NetBeans 7.1.2\java\modules\ext\spring-3.0\spring-instrument-tomcat-3.0.6.RELEASE.jar;C:\Program Files\NetBeans 7.1.2\java\modules\ext\spring-3.0\spring-jdbc-3.0.6.RELEASE.jar;C:\Program Files\NetBeans 7.1.2\java\modules\ext\spring-3.0\spring-jms-3.0.6.RELEASE.jar;C:\Program Files\NetBeans 7.1.2\java\modules\ext\spring-3.0\spring-orm-3.0.6.RELEASE.jar;C:\Program Files\NetBeans 7.1.2\java\modules\ext\spring-3.0\spring-oxm-3.0.6.RELEASE.jar;C:\Program Files\NetBeans 7.1.2\java\modules\ext\spring-3.0\spring-test-3.0.6.RELEASE.jar;C:\Program Files\NetBeans 7.1.2\java\modules\ext\spring-3.0\spring-tx-3.0.6.RELEASE.jar;C:\Program Files\NetBeans 7.1.2\java\modules\ext\spring-3.0\spring-web-3.0.6.RELEASE.jar;C:\Program Files\NetBeans 7.1.2\java\modules\ext\spring-3.0\spring-webmvc-portlet-3.0.6.RELEASE.jar;C:\Program Files\NetBeans 7.1.2\java\modules\ext\spring-3.0\spring-webmvc-3.0.6.RELEASE.jar;C:\Program Files\NetBeans 7.1.2\java\modules\ext\spring-3.0\spring-struts-3.0.6.RELEASE.jar" />
    <property name="file.reference.tiles-request-api-1.0.6.jar" value="lib/tiles-request-api-1.0.6.jar" />
    <property name="libs.jsp-compiler.maven-pom" value="" />
    <property name="libs.spring-webmvc.maven-pom" value="" />
    <property name="libs.ejb3-persistence.classpath" value="C:\Program Files\NetBeans 7.1.2\java\modules\ext\hibernate\ejb3-persistence.jar" />
    <property name="libs.JAXB-ENDORSED.src" value="" />
    <property name="libs.spring-framework.javadoc" value="" />
    <property name="libs.PostgreSQLDriver.classpath" value="C:\Program Files\NetBeans 7.1.2\ide\modules\ext\postgresql-8.3-603.jdbc3.jar" />
    <property name="libs.jsf12.maven-pom" value="" />
    <property name="libs.junit.src" value="" />
    <property name="annotation.processing.source.output" value="build/generated-sources/ap-source-output" />
    <property name="file.reference.jaxb-api-2.2.jar" value="lib/jaxb-api-2.2.jar" />
    <property name="libs.CopyLibs.src" value="" />
    <property name="build.dir" value="build" />
    <property name="libs.CopyLibs.displayName" value="CopyLibs Task" />
    <property name="libs.jsp-compilation.classpath" value="C:\Program Files\NetBeans 7.1.2\java\ant\lib\ant.jar;C:\Program Files\NetBeans 7.1.2\enterprise\modules\ext\servlet3.0-jsp2.2-api.jar;C:\Program Files\NetBeans 7.1.2\enterprise\modules\ext\glassfish-jspparser-3.0.jar;C:\Program Files\NetBeans 7.1.2\enterprise\modules\ext\jsf-2_1\jsf-api.jar;C:\Program Files\NetBeans 7.1.2\enterprise\modules\ext\jstl.jar;C:\Program Files\NetBeans 7.1.2\java\ant\lib\ant-launcher.jar" />
    <property name="file.reference.xmlbeans-2.3.0.jar" value="lib/xmlbeans-2.3.0.jar" />
    <property name="ant.version" value="Apache Ant(TM) version 1.8.3 compiled on February 26 2012" />
    <property name="file.encoding" value="Cp1252" />
    <property name="build.classes.excludes" value="**/*.java,**/*.form" />
    <property name="jdkBug6558476" value="true" />
    <property name="javadoc.nonavbar" value="false" />
    <property name="platform.active" value="default_platform" />
    <property name="awt.toolkit" value="sun.awt.windows.WToolkit" />
    <property name="war.ear.name" value="lms.war" />
  </properties>
  <testcase classname="LmsJUnitTest" name="unknown" time="0.0060">
    <error message="Forked Java VM exited abnormally. Please note the time in the report does not reflect the time until the VM exit." type="junit.framework.AssertionFailedError">junit.framework.AssertionFailedError: Forked Java VM exited abnormally. Please note the time in the report does not reflect the time until the VM exit.
	at org.netbeans.core.execution.RunClassThread.run(RunClassThread.java:153)
</error>
  </testcase>
</testsuite>
